#
# There is insufficient memory for the Java Runtime Environment to continue.
# Native memory allocation (mmap) failed to map 169869312 bytes for committing reserved memory.
# Possible reasons:
#   The system is out of physical RAM or swap space
#   In 32 bit mode, the process size limit was hit
# Possible solutions:
#   Reduce memory load on the system
#   Increase physical memory or swap space
#   Check if swap backing store is full
#   Use 64 bit Java on a 64 bit OS
#   Decrease Java heap size (-Xmx/-Xms)
#   Decrease number of Java threads
#   Decrease Java thread stack sizes (-Xss)
#   Set larger code cache with -XX:ReservedCodeCacheSize=
# This output file may be truncated or incomplete.
#
#  Out of Memory Error (os_linux.cpp:2627), pid=7225, tid=140180189042432
#
# JRE version: Java(TM) SE Runtime Environment (8.0_91-b14) (build 1.8.0_91-b14)
# Java VM: Java HotSpot(TM) 64-Bit Server VM (25.91-b14 mixed mode linux-amd64 compressed oops)
# Failed to write core dump. Core dumps have been disabled. To enable core dumping, try "ulimit -c unlimited" before starting Java again
#

---------------  T H R E A D  ---------------

Current thread (0x00007f7e50078000):  VMThread [stack: 0x00007f7e3e4f5000,0x00007f7e3e5f6000] [id=7234]

Stack: [0x00007f7e3e4f5000,0x00007f7e3e5f6000],  sp=0x00007f7e3e5f4060,  free space=1020k
Native frames: (J=compiled Java code, j=interpreted, Vv=VM code, C=native code)
V  [libjvm.so+0xabc18a]  VMError::report_and_die()+0x2ba
V  [libjvm.so+0x4fafeb]  report_vm_out_of_memory(char const*, int, unsigned long, VMErrorType, char const*)+0x8b
V  [libjvm.so+0x91cbb3]  os::Linux::commit_memory_impl(char*, unsigned long, bool)+0x103
V  [libjvm.so+0x91d109]  os::pd_commit_memory(char*, unsigned long, unsigned long, bool)+0x29
V  [libjvm.so+0x91740a]  os::commit_memory(char*, unsigned long, unsigned long, bool)+0x2a
V  [libjvm.so+0x98b033]  PSVirtualSpace::expand_by(unsigned long)+0x53
V  [libjvm.so+0x98c438]  PSYoungGen::resize_generation(unsigned long, unsigned long)+0xf8
V  [libjvm.so+0x98b592]  PSYoungGen::resize(unsigned long, unsigned long)+0x22
V  [libjvm.so+0x98886b]  PSScavenge::invoke_no_policy()+0xf3b
V  [libjvm.so+0x988ff1]  PSScavenge::invoke()+0x41
V  [libjvm.so+0x9408b0]  ParallelScavengeHeap::failed_mem_allocate(unsigned long)+0x70
V  [libjvm.so+0xabdba7]  VM_ParallelGCFailedAllocation::doit()+0x97
V  [libjvm.so+0xac55d5]  VM_Operation::evaluate()+0x55
V  [libjvm.so+0xac39aa]  VMThread::evaluate_operation(VM_Operation*)+0xba
V  [libjvm.so+0xac3d2e]  VMThread::loop()+0x1ce
V  [libjvm.so+0xac41a0]  VMThread::run()+0x70
V  [libjvm.so+0x91ef78]  java_start(Thread*)+0x108

VM_Operation (0x00007f7e3d204bc0): ParallelGCFailedAllocation, mode: safepoint, requested by thread 0x00007f7e5015a000


---------------  P R O C E S S  ---------------

Java Threads: ( => current thread )
  0x00007f7e5015a000 JavaThread "pool-2-thread-4" [_thread_blocked, id=7266, stack(0x00007f7e3d106000,0x00007f7e3d207000)]
  0x00007f7e50158000 JavaThread "pool-2-thread-3" [_thread_blocked, id=7263, stack(0x00007f7e3d207000,0x00007f7e3d308000)]
  0x00007f7e50155000 JavaThread "pool-2-thread-2" [_thread_blocked, id=7261, stack(0x00007f7e3d308000,0x00007f7e3d409000)]
  0x00007f7e50153800 JavaThread "pool-3-thread-1" [_thread_blocked, id=7260, stack(0x00007f7e3d409000,0x00007f7e3d50a000)]
  0x00007f7e50151000 JavaThread "pool-2-thread-1" [_thread_blocked, id=7258, stack(0x00007f7e3d50a000,0x00007f7e3d60b000)]
  0x00007f7e500c0800 JavaThread "Service Thread" daemon [_thread_blocked, id=7241, stack(0x00007f7e3d70c000,0x00007f7e3d80d000)]
  0x00007f7e500bd800 JavaThread "C1 CompilerThread2" daemon [_thread_blocked, id=7240, stack(0x00007f7e3d80d000,0x00007f7e3d90e000)]
  0x00007f7e500bb800 JavaThread "C2 CompilerThread1" daemon [_thread_blocked, id=7239, stack(0x00007f7e3d90e000,0x00007f7e3da0f000)]
  0x00007f7e500b9000 JavaThread "C2 CompilerThread0" daemon [_thread_blocked, id=7238, stack(0x00007f7e3da0f000,0x00007f7e3db10000)]
  0x00007f7e500b7800 JavaThread "Signal Dispatcher" daemon [_thread_blocked, id=7237, stack(0x00007f7e3db10000,0x00007f7e3dc11000)]
  0x00007f7e50084000 JavaThread "Finalizer" daemon [_thread_blocked, id=7236, stack(0x00007f7e3e2f3000,0x00007f7e3e3f4000)]
  0x00007f7e5007f800 JavaThread "Reference Handler" daemon [_thread_blocked, id=7235, stack(0x00007f7e3e3f4000,0x00007f7e3e4f5000)]
  0x00007f7e5000a000 JavaThread "main" [_thread_blocked, id=7227, stack(0x00007f7e58bcc000,0x00007f7e58ccd000)]

Other Threads:
=>0x00007f7e50078000 VMThread [stack: 0x00007f7e3e4f5000,0x00007f7e3e5f6000] [id=7234]
  0x00007f7e500c3000 WatcherThread [stack: 0x00007f7e3d60b000,0x00007f7e3d70c000] [id=7242]

VM state:at safepoint (normal execution)

VM Mutex/Monitor currently owned by a thread:  ([mutex/lock_event])
[0x00007f7e50006530] Threads_lock - owner thread: 0x00007f7e50078000
[0x00007f7e50006a30] Heap_lock - owner thread: 0x00007f7e5015a000

Heap:
 PSYoungGen      total 132096K, used 5107K [0x00000000eab00000, 0x00000000f3100000, 0x0000000100000000)
  eden space 126976K, 0% used [0x00000000eab00000,0x00000000eab00000,0x00000000f2700000)
  from space 5120K, 99% used [0x00000000f2700000,0x00000000f2bfcc58,0x00000000f2c00000)
  to   space 5120K, 0% used [0x00000000f2c00000,0x00000000f2c00000,0x00000000f3100000)
 ParOldGen       total 84992K, used 40789K [0x00000000c0000000, 0x00000000c5300000, 0x00000000eab00000)
  object space 84992K, 47% used [0x00000000c0000000,0x00000000c27d5538,0x00000000c5300000)
 Metaspace       used 6325K, capacity 7192K, committed 7424K, reserved 1056768K
  class space    used 614K, capacity 656K, committed 768K, reserved 1048576K

Card table byte_map: [0x00007f7e55789000,0x00007f7e5598a000] byte_map_base: 0x00007f7e55189000

Marking Bits: (ParMarkBitMap*) 0x00007f7e5809fd60
 Begin Bits: [0x00007f7e3f000000, 0x00007f7e40000000)
 End Bits:   [0x00007f7e40000000, 0x00007f7e41000000)

Polling page: 0x00007f7e58ce8000

CodeCache: size=245760Kb used=6574Kb max_used=6577Kb free=239185Kb
 bounds [0x00007f7e41000000, 0x00007f7e41680000, 0x00007f7e50000000]
 total_blobs=2034 nmethods=1765 adapters=182
 compilation: enabled

Compilation events (10 events):
Event: 8,605 Thread 0x00007f7e500bd800 2108       2       com.android.dx.rop.annotation.Annotations::getAnnotations (11 bytes)
Event: 8,605 Thread 0x00007f7e500bd800 nmethod 2108 0x00007f7e41650610 code [0x00007f7e41650780, 0x00007f7e41650a88]
Event: 8,605 Thread 0x00007f7e500bd800 2109   !   2       com.android.dx.dex.file.UniformListItem::getAlignment (40 bytes)
Event: 8,608 Thread 0x00007f7e500bd800 nmethod 2109 0x00007f7e4164ff50 code [0x00007f7e416500e0, 0x00007f7e41650408]
Event: 8,608 Thread 0x00007f7e500bd800 2111       3       com.android.dx.ssa.SsaRenamer::<init> (100 bytes)
Event: 8,609 Thread 0x00007f7e500bd800 nmethod 2111 0x00007f7e4164edd0 code [0x00007f7e4164efc0, 0x00007f7e4164fac8]
Event: 8,609 Thread 0x00007f7e500bd800 2110       1       com.android.dx.dex.file.OffsettedItem::getAlignment (5 bytes)
Event: 8,609 Thread 0x00007f7e500bd800 nmethod 2110 0x00007f7e4164eb10 code [0x00007f7e4164ec60, 0x00007f7e4164ed70]
Event: 8,613 Thread 0x00007f7e500bd800 2112       2       java.util.concurrent.locks.ReentrantLock$FairSync::tryAcquire (74 bytes)
Event: 8,616 Thread 0x00007f7e500bd800 nmethod 2112 0x00007f7e4164e590 code [0x00007f7e4164e720, 0x00007f7e4164e9f8]

GC Heap History (9 events):
Event: 2,150 GC heap before
{Heap before GC invocations=1 (full 0):
 PSYoungGen      total 36864K, used 31744K [0x00000000eab00000, 0x00000000ed400000, 0x0000000100000000)
  eden space 31744K, 100% used [0x00000000eab00000,0x00000000eca00000,0x00000000eca00000)
  from space 5120K, 0% used [0x00000000ecf00000,0x00000000ecf00000,0x00000000ed400000)
  to   space 5120K, 0% used [0x00000000eca00000,0x00000000eca00000,0x00000000ecf00000)
 ParOldGen       total 84992K, used 0K [0x00000000c0000000, 0x00000000c5300000, 0x00000000eab00000)
  object space 84992K, 0% used [0x00000000c0000000,0x00000000c0000000,0x00000000c5300000)
 Metaspace       used 5785K, capacity 6768K, committed 7040K, reserved 1056768K
  class space    used 593K, capacity 616K, committed 640K, reserved 1048576K
Event: 2,196 GC heap after
Heap after GC invocations=1 (full 0):
 PSYoungGen      total 36864K, used 5113K [0x00000000eab00000, 0x00000000ef300000, 0x0000000100000000)
  eden space 31744K, 0% used [0x00000000eab00000,0x00000000eab00000,0x00000000eca00000)
  from space 5120K, 99% used [0x00000000eca00000,0x00000000ecefe628,0x00000000ecf00000)
  to   space 5120K, 0% used [0x00000000eee00000,0x00000000eee00000,0x00000000ef300000)
 ParOldGen       total 84992K, used 1187K [0x00000000c0000000, 0x00000000c5300000, 0x00000000eab00000)
  object space 84992K, 1% used [0x00000000c0000000,0x00000000c0128e50,0x00000000c5300000)
 Metaspace       used 5785K, capacity 6768K, committed 7040K, reserved 1056768K
  class space    used 593K, capacity 616K, committed 640K, reserved 1048576K
}
Event: 3,172 GC heap before
{Heap before GC invocations=2 (full 0):
 PSYoungGen      total 36864K, used 36857K [0x00000000eab00000, 0x00000000ef300000, 0x0000000100000000)
  eden space 31744K, 100% used [0x00000000eab00000,0x00000000eca00000,0x00000000eca00000)
  from space 5120K, 99% used [0x00000000eca00000,0x00000000ecefe628,0x00000000ecf00000)
  to   space 5120K, 0% used [0x00000000eee00000,0x00000000eee00000,0x00000000ef300000)
 ParOldGen       total 84992K, used 1187K [0x00000000c0000000, 0x00000000c5300000, 0x00000000eab00000)
  object space 84992K, 1% used [0x00000000c0000000,0x00000000c0128e50,0x00000000c5300000)
 Metaspace       used 5842K, capacity 6832K, committed 7040K, reserved 1056768K
  class space    used 593K, capacity 616K, committed 640K, reserved 1048576K
Event: 3,282 GC heap after
Heap after GC invocations=2 (full 0):
 PSYoungGen      total 68608K, used 5091K [0x00000000eab00000, 0x00000000ef300000, 0x0000000100000000)
  eden space 63488K, 0% used [0x00000000eab00000,0x00000000eab00000,0x00000000ee900000)
  from space 5120K, 99% used [0x00000000eee00000,0x00000000ef2f8d70,0x00000000ef300000)
  to   space 5120K, 0% used [0x00000000ee900000,0x00000000ee900000,0x00000000eee00000)
 ParOldGen       total 84992K, used 5411K [0x00000000c0000000, 0x00000000c5300000, 0x00000000eab00000)
  object space 84992K, 6% used [0x00000000c0000000,0x00000000c0548c58,0x00000000c5300000)
 Metaspace       used 5842K, capacity 6832K, committed 7040K, reserved 1056768K
  class space    used 593K, capacity 616K, committed 640K, reserved 1048576K
}
Event: 4,752 GC heap before
{Heap before GC invocations=3 (full 0):
 PSYoungGen      total 68608K, used 68579K [0x00000000eab00000, 0x00000000ef300000, 0x0000000100000000)
  eden space 63488K, 100% used [0x00000000eab00000,0x00000000ee900000,0x00000000ee900000)
  from space 5120K, 99% used [0x00000000eee00000,0x00000000ef2f8d70,0x00000000ef300000)
  to   space 5120K, 0% used [0x00000000ee900000,0x00000000ee900000,0x00000000eee00000)
 ParOldGen       total 84992K, used 5411K [0x00000000c0000000, 0x00000000c5300000, 0x00000000eab00000)
  object space 84992K, 6% used [0x00000000c0000000,0x00000000c0548c58,0x00000000c5300000)
 Metaspace       used 6034K, capacity 6936K, committed 7168K, reserved 1056768K
  class space    used 614K, capacity 656K, committed 768K, reserved 1048576K
Event: 4,884 GC heap after
Heap after GC invocations=3 (full 0):
 PSYoungGen      total 68608K, used 5092K [0x00000000eab00000, 0x00000000f3100000, 0x0000000100000000)
  eden space 63488K, 0% used [0x00000000eab00000,0x00000000eab00000,0x00000000ee900000)
  from space 5120K, 99% used [0x00000000ee900000,0x00000000eedf91b0,0x00000000eee00000)
  to   space 5120K, 0% used [0x00000000f2c00000,0x00000000f2c00000,0x00000000f3100000)
 ParOldGen       total 84992K, used 14468K [0x00000000c0000000, 0x00000000c5300000, 0x00000000eab00000)
  object space 84992K, 17% used [0x00000000c0000000,0x00000000c0e21200,0x00000000c5300000)
 Metaspace       used 6034K, capacity 6936K, committed 7168K, reserved 1056768K
  class space    used 614K, capacity 656K, committed 768K, reserved 1048576K
}
Event: 6,299 GC heap before
{Heap before GC invocations=4 (full 0):
 PSYoungGen      total 68608K, used 68580K [0x00000000eab00000, 0x00000000f3100000, 0x0000000100000000)
  eden space 63488K, 100% used [0x00000000eab00000,0x00000000ee900000,0x00000000ee900000)
  from space 5120K, 99% used [0x00000000ee900000,0x00000000eedf91b0,0x00000000eee00000)
  to   space 5120K, 0% used [0x00000000f2c00000,0x00000000f2c00000,0x00000000f3100000)
 ParOldGen       total 84992K, used 14468K [0x00000000c0000000, 0x00000000c5300000, 0x00000000eab00000)
  object space 84992K, 17% used [0x00000000c0000000,0x00000000c0e21200,0x00000000c5300000)
 Metaspace       used 6123K, capacity 7064K, committed 7424K, reserved 1056768K
  class space    used 614K, capacity 656K, committed 768K, reserved 1048576K
Event: 6,417 GC heap after
Heap after GC invocations=4 (full 0):
 PSYoungGen      total 132096K, used 5102K [0x00000000eab00000, 0x00000000f3100000, 0x0000000100000000)
  eden space 126976K, 0% used [0x00000000eab00000,0x00000000eab00000,0x00000000f2700000)
  from space 5120K, 99% used [0x00000000f2c00000,0x00000000f30fb870,0x00000000f3100000)
  to   space 5120K, 0% used [0x00000000f2700000,0x00000000f2700000,0x00000000f2c00000)
 ParOldGen       total 84992K, used 23245K [0x00000000c0000000, 0x00000000c5300000, 0x00000000eab00000)
  object space 84992K, 27% used [0x00000000c0000000,0x00000000c16b35e0,0x00000000c5300000)
 Metaspace       used 6123K, capacity 7064K, committed 7424K, reserved 1056768K
  class space    used 614K, capacity 656K, committed 768K, reserved 1048576K
}
Event: 10,189 GC heap before
{Heap before GC invocations=5 (full 0):
 PSYoungGen      total 132096K, used 132078K [0x00000000eab00000, 0x00000000f3100000, 0x0000000100000000)
  eden space 126976K, 100% used [0x00000000eab00000,0x00000000f2700000,0x00000000f2700000)
  from space 5120K, 99% used [0x00000000f2c00000,0x00000000f30fb870,0x00000000f3100000)
  to   space 5120K, 0% used [0x00000000f2700000,0x00000000f2700000,0x00000000f2c00000)
 ParOldGen       total 84992K, used 23245K [0x00000000c0000000, 0x00000000c5300000, 0x00000000eab00000)
  object space 84992K, 27% used [0x00000000c0000000,0x00000000c16b35e0,0x00000000c5300000)
 Metaspace       used 6325K, capacity 7192K, committed 7424K, reserved 1056768K
  class space    used 614K, capacity 656K, committed 768K, reserved 1048576K

Deoptimization events (10 events):
Event: 4,338 Thread 0x00007f7e5000a000 Uncommon trap: reason=unstable_if action=reinterpret pc=0x00007f7e412e82d8 method=java.util.HashMap.putVal(ILjava/lang/Object;Ljava/lang/Object;ZZ)Ljava/lang/Object; @ 162
Event: 4,372 Thread 0x00007f7e5000a000 Uncommon trap: reason=unstable_if action=reinterpret pc=0x00007f7e4124832c method=java.util.HashMap.getNode(ILjava/lang/Object;)Ljava/util/HashMap$Node; @ 84
Event: 4,391 Thread 0x00007f7e50151000 Uncommon trap: reason=unstable_if action=reinterpret pc=0x00007f7e413923fc method=com.android.dx.ssa.SsaMethod.updateOneDefinition(Lcom/android/dx/ssa/SsaInsn;Lcom/android/dx/rop/code/RegisterSpec;)V @ 4
Event: 4,566 Thread 0x00007f7e50151000 Uncommon trap: reason=unstable_if action=reinterpret pc=0x00007f7e412300f4 method=java.util.HashMap.getNode(ILjava/lang/Object;)Ljava/util/HashMap$Node; @ 84
Event: 5,061 Thread 0x00007f7e50158000 Uncommon trap: reason=unstable_if action=reinterpret pc=0x00007f7e41426a1c method=com.android.dx.ssa.SsaRenamer$BlockRenamer.visitMoveInsn(Lcom/android/dx/ssa/NormalSsaInsn;)V @ 104
Event: 7,558 Thread 0x00007f7e5000a000 Uncommon trap: reason=bimorphic action=maybe_recompile pc=0x00007f7e415c50b4 method=com.android.dx.ssa.NormalSsaInsn.accept(Lcom/android/dx/ssa/SsaInsn$Visitor;)V @ 9
Event: 7,563 Thread 0x00007f7e5000a000 Uncommon trap: reason=bimorphic action=maybe_recompile pc=0x00007f7e415c50b4 method=com.android.dx.ssa.NormalSsaInsn.accept(Lcom/android/dx/ssa/SsaInsn$Visitor;)V @ 9
Event: 7,570 Thread 0x00007f7e5000a000 Uncommon trap: reason=bimorphic action=maybe_recompile pc=0x00007f7e415c50b4 method=com.android.dx.ssa.NormalSsaInsn.accept(Lcom/android/dx/ssa/SsaInsn$Visitor;)V @ 9
Event: 7,570 Thread 0x00007f7e5000a000 Uncommon trap: reason=bimorphic action=maybe_recompile pc=0x00007f7e415c50b4 method=com.android.dx.ssa.NormalSsaInsn.accept(Lcom/android/dx/ssa/SsaInsn$Visitor;)V @ 9
Event: 8,275 Thread 0x00007f7e50151000 Uncommon trap: reason=unstable_if action=reinterpret pc=0x00007f7e4136c348 method=com.android.dx.dex.code.OutputFinisher.hasLocalInfo(Lcom/android/dx/dex/code/DalvInsn;)Z @ 24

Internal exceptions (6 events):
Event: 0,150 Thread 0x00007f7e5000a000 Exception <a 'java/lang/NoSuchMethodError': Method sun.misc.Unsafe.defineClass(Ljava/lang/String;[BII)Ljava/lang/Class; name or signature does not match> (0x00000000eab07cc0) thrown at [/HUDSON/workspace/8-2-build-linux-amd64/jdk8u91/6644/hotspot/src/shar
Event: 0,150 Thread 0x00007f7e5000a000 Exception <a 'java/lang/NoSuchMethodError': Method sun.misc.Unsafe.prefetchRead(Ljava/lang/Object;J)V name or signature does not match> (0x00000000eab07fa8) thrown at [/HUDSON/workspace/8-2-build-linux-amd64/jdk8u91/6644/hotspot/src/share/vm/prims/jni.cpp
Event: 2,360 Thread 0x00007f7e50158000 Implicit null exception at 0x00007f7e412b4b3d to 0x00007f7e412b7a6d
Event: 4,368 Thread 0x00007f7e5000a000 Exception <a 'java/lang/ArrayIndexOutOfBoundsException': 18> (0x00000000ed855900) thrown at [/HUDSON/workspace/8-2-build-linux-amd64/jdk8u91/6644/hotspot/src/share/vm/interpreter/interpreterRuntime.cpp, line 366]
Event: 4,369 Thread 0x00007f7e5000a000 Exception <a 'java/lang/ArrayIndexOutOfBoundsException': 145> (0x00000000ed857480) thrown at [/HUDSON/workspace/8-2-build-linux-amd64/jdk8u91/6644/hotspot/src/share/vm/interpreter/interpreterRuntime.cpp, line 366]
Event: 4,372 Thread 0x00007f7e5000a000 Exception <a 'java/lang/ArrayIndexOutOfBoundsException': 40> (0x00000000ed858768) thrown at [/HUDSON/workspace/8-2-build-linux-amd64/jdk8u91/6644/hotspot/src/share/vm/interpreter/interpreterRuntime.cpp, line 366]

Events (10 events):
Event: 8,477 Thread 0x00007f7e50158000 DEOPT UNPACKING pc=0x00007f7e41047633 sp=0x00007f7e3d305d20 mode 0
Event: 8,482 Thread 0x00007f7e5000a000 DEOPT PACKING pc=0x00007f7e4141f481 sp=0x00007f7e58cca7a0
Event: 8,482 Thread 0x00007f7e5000a000 DEOPT UNPACKING pc=0x00007f7e41047633 sp=0x00007f7e58cca580 mode 0
Event: 8,529 Thread 0x00007f7e50151000 DEOPT PACKING pc=0x00007f7e4148d2df sp=0x00007f7e3d608e50
Event: 8,529 Thread 0x00007f7e50151000 DEOPT UNPACKING pc=0x00007f7e41047633 sp=0x00007f7e3d608be8 mode 0
Event: 8,677 Thread 0x00007f7e50155000 DEOPT PACKING pc=0x00007f7e4122dbb9 sp=0x00007f7e3d406d40
Event: 8,677 Thread 0x00007f7e50158000 DEOPT PACKING pc=0x00007f7e414c2301 sp=0x00007f7e3d306010
Event: 8,748 Executing VM operation: ParallelGCFailedAllocation
Event: 9,147 Thread 0x00007f7e50155000 DEOPT UNPACKING pc=0x00007f7e41047633 sp=0x00007f7e3d406a90 mode 0
Event: 9,147 Thread 0x00007f7e50158000 DEOPT UNPACKING pc=0x00007f7e41047633 sp=0x00007f7e3d305db0 mode 0


Dynamic libraries:
00400000-00401000 r-xp 00000000 08:01 1059845                            /usr/lib/jvm/java-8-oracle/bin/java
00600000-00601000 rw-p 00000000 08:01 1059845                            /usr/lib/jvm/java-8-oracle/bin/java
0249a000-024bb000 rw-p 00000000 00:00 0                                  [heap]
c0000000-c5300000 rw-p 00000000 00:00 0 
c5300000-eab00000 ---p 00000000 00:00 0 
eab00000-f3100000 rw-p 00000000 00:00 0 
fd300000-100000000 ---p 00000000 00:00 0 
100000000-1000c0000 rw-p 00000000 00:00 0 
1000c0000-140000000 ---p 00000000 00:00 0 
7f7df0000000-7f7df0021000 rw-p 00000000 00:00 0 
7f7df0021000-7f7df4000000 ---p 00000000 00:00 0 
7f7df8000000-7f7df8027000 rw-p 00000000 00:00 0 
7f7df8027000-7f7dfc000000 ---p 00000000 00:00 0 
7f7dfc000000-7f7dfc021000 rw-p 00000000 00:00 0 
7f7dfc021000-7f7e00000000 ---p 00000000 00:00 0 
7f7e00000000-7f7e00029000 rw-p 00000000 00:00 0 
7f7e00029000-7f7e04000000 ---p 00000000 00:00 0 
7f7e04000000-7f7e04021000 rw-p 00000000 00:00 0 
7f7e04021000-7f7e08000000 ---p 00000000 00:00 0 
7f7e08000000-7f7e08021000 rw-p 00000000 00:00 0 
7f7e08021000-7f7e0c000000 ---p 00000000 00:00 0 
7f7e0c000000-7f7e0c021000 rw-p 00000000 00:00 0 
7f7e0c021000-7f7e10000000 ---p 00000000 00:00 0 
7f7e10000000-7f7e10a25000 rw-p 00000000 00:00 0 
7f7e10a25000-7f7e14000000 ---p 00000000 00:00 0 
7f7e14000000-7f7e14983000 rw-p 00000000 00:00 0 
7f7e14983000-7f7e18000000 ---p 00000000 00:00 0 
7f7e18000000-7f7e18021000 rw-p 00000000 00:00 0 
7f7e18021000-7f7e1c000000 ---p 00000000 00:00 0 
7f7e1c000000-7f7e1ca7b000 rw-p 00000000 00:00 0 
7f7e1ca7b000-7f7e20000000 ---p 00000000 00:00 0 
7f7e20000000-7f7e20021000 rw-p 00000000 00:00 0 
7f7e20021000-7f7e24000000 ---p 00000000 00:00 0 
7f7e24000000-7f7e24021000 rw-p 00000000 00:00 0 
7f7e24021000-7f7e28000000 ---p 00000000 00:00 0 
7f7e28000000-7f7e28021000 rw-p 00000000 00:00 0 
7f7e28021000-7f7e2c000000 ---p 00000000 00:00 0 
7f7e2c000000-7f7e2c28e000 rw-p 00000000 00:00 0 
7f7e2c28e000-7f7e30000000 ---p 00000000 00:00 0 
7f7e30000000-7f7e30021000 rw-p 00000000 00:00 0 
7f7e30021000-7f7e34000000 ---p 00000000 00:00 0 
7f7e34000000-7f7e34021000 rw-p 00000000 00:00 0 
7f7e34021000-7f7e38000000 ---p 00000000 00:00 0 
7f7e38000000-7f7e38021000 rw-p 00000000 00:00 0 
7f7e38021000-7f7e3c000000 ---p 00000000 00:00 0 
7f7e3d0e0000-7f7e3d106000 r--p 00000000 08:01 2243018                    /usr/share/locale-langpack/es/LC_MESSAGES/libc.mo
7f7e3d106000-7f7e3d109000 ---p 00000000 00:00 0 
7f7e3d109000-7f7e3d207000 rw-p 00000000 00:00 0 
7f7e3d207000-7f7e3d20a000 ---p 00000000 00:00 0 
7f7e3d20a000-7f7e3d308000 rw-p 00000000 00:00 0 
7f7e3d308000-7f7e3d30b000 ---p 00000000 00:00 0 
7f7e3d30b000-7f7e3d409000 rw-p 00000000 00:00 0 
7f7e3d409000-7f7e3d40c000 ---p 00000000 00:00 0 
7f7e3d40c000-7f7e3d50a000 rw-p 00000000 00:00 0 
7f7e3d50a000-7f7e3d50d000 ---p 00000000 00:00 0 
7f7e3d50d000-7f7e3d60b000 rw-p 00000000 00:00 0 
7f7e3d60b000-7f7e3d60c000 ---p 00000000 00:00 0 
7f7e3d60c000-7f7e3d70c000 rw-p 00000000 00:00 0 
7f7e3d70c000-7f7e3d70f000 ---p 00000000 00:00 0 
7f7e3d70f000-7f7e3d80d000 rw-p 00000000 00:00 0 
7f7e3d80d000-7f7e3d810000 ---p 00000000 00:00 0 
7f7e3d810000-7f7e3d90e000 rw-p 00000000 00:00 0 
7f7e3d90e000-7f7e3d911000 ---p 00000000 00:00 0 
7f7e3d911000-7f7e3da0f000 rw-p 00000000 00:00 0 
7f7e3da0f000-7f7e3da12000 ---p 00000000 00:00 0 
7f7e3da12000-7f7e3db10000 rw-p 00000000 00:00 0 
7f7e3db10000-7f7e3db13000 ---p 00000000 00:00 0 
7f7e3db13000-7f7e3dc11000 rw-p 00000000 00:00 0 
7f7e3dc11000-7f7e3e2f3000 r--p 00000000 08:01 531282                     /usr/lib/locale/locale-archive
7f7e3e2f3000-7f7e3e2f6000 ---p 00000000 00:00 0 
7f7e3e2f6000-7f7e3e3f4000 rw-p 00000000 00:00 0 
7f7e3e3f4000-7f7e3e3f7000 ---p 00000000 00:00 0 
7f7e3e3f7000-7f7e3e4f5000 rw-p 00000000 00:00 0 
7f7e3e4f5000-7f7e3e4f6000 ---p 00000000 00:00 0 
7f7e3e4f6000-7f7e41000000 rw-p 00000000 00:00 0 
7f7e41000000-7f7e41680000 rwxp 00000000 00:00 0 
7f7e41680000-7f7e50000000 ---p 00000000 00:00 0 
7f7e50000000-7f7e50390000 rw-p 00000000 00:00 0 
7f7e50390000-7f7e54000000 ---p 00000000 00:00 0 
7f7e5401a000-7f7e54029000 r--s 000df000 08:01 5248607                    /home/jairo/Android/Sdk/build-tools/23.0.3/lib/dx.jar
7f7e54029000-7f7e545e0000 rw-p 00000000 00:00 0 
7f7e545e0000-7f7e547b9000 r--s 03d1f000 08:01 928113                     /usr/lib/jvm/java-8-oracle/jre/lib/rt.jar
7f7e547b9000-7f7e54eaf000 rw-p 00000000 00:00 0 
7f7e54eaf000-7f7e5502f000 ---p 00000000 00:00 0 
7f7e5502f000-7f7e5522f000 rw-p 00000000 00:00 0 
7f7e5522f000-7f7e55230000 ---p 00000000 00:00 0 
7f7e55230000-7f7e55330000 rw-p 00000000 00:00 0 
7f7e55330000-7f7e55331000 ---p 00000000 00:00 0 
7f7e55331000-7f7e55431000 rw-p 00000000 00:00 0 
7f7e55431000-7f7e55432000 ---p 00000000 00:00 0 
7f7e55432000-7f7e55532000 rw-p 00000000 00:00 0 
7f7e55532000-7f7e55533000 ---p 00000000 00:00 0 
7f7e55533000-7f7e5565d000 rw-p 00000000 00:00 0 
7f7e5565d000-7f7e55789000 ---p 00000000 00:00 0 
7f7e55789000-7f7e557b3000 rw-p 00000000 00:00 0 
7f7e557b3000-7f7e558de000 ---p 00000000 00:00 0 
7f7e558de000-7f7e55922000 rw-p 00000000 00:00 0 
7f7e55922000-7f7e55989000 ---p 00000000 00:00 0 
7f7e55989000-7f7e559a4000 rw-p 00000000 00:00 0 
7f7e559a4000-7f7e55d4a000 ---p 00000000 00:00 0 
7f7e55d4a000-7f7e55d64000 r-xp 00000000 08:01 928122                     /usr/lib/jvm/java-8-oracle/jre/lib/amd64/libzip.so
7f7e55d64000-7f7e55f64000 ---p 0001a000 08:01 928122                     /usr/lib/jvm/java-8-oracle/jre/lib/amd64/libzip.so
7f7e55f64000-7f7e55f65000 rw-p 0001a000 08:01 928122                     /usr/lib/jvm/java-8-oracle/jre/lib/amd64/libzip.so
7f7e55f65000-7f7e55f6f000 r-xp 00000000 08:01 1194468                    /lib/x86_64-linux-gnu/libnss_files-2.19.so
7f7e55f6f000-7f7e5616e000 ---p 0000a000 08:01 1194468                    /lib/x86_64-linux-gnu/libnss_files-2.19.so
7f7e5616e000-7f7e5616f000 r--p 00009000 08:01 1194468                    /lib/x86_64-linux-gnu/libnss_files-2.19.so
7f7e5616f000-7f7e56170000 rw-p 0000a000 08:01 1194468                    /lib/x86_64-linux-gnu/libnss_files-2.19.so
7f7e56170000-7f7e5617b000 r-xp 00000000 08:01 1194460                    /lib/x86_64-linux-gnu/libnss_nis-2.19.so
7f7e5617b000-7f7e5637a000 ---p 0000b000 08:01 1194460                    /lib/x86_64-linux-gnu/libnss_nis-2.19.so
7f7e5637a000-7f7e5637b000 r--p 0000a000 08:01 1194460                    /lib/x86_64-linux-gnu/libnss_nis-2.19.so
7f7e5637b000-7f7e5637c000 rw-p 0000b000 08:01 1194460                    /lib/x86_64-linux-gnu/libnss_nis-2.19.so
7f7e5637c000-7f7e56393000 r-xp 00000000 08:01 1194456                    /lib/x86_64-linux-gnu/libnsl-2.19.so
7f7e56393000-7f7e56592000 ---p 00017000 08:01 1194456                    /lib/x86_64-linux-gnu/libnsl-2.19.so
7f7e56592000-7f7e56593000 r--p 00016000 08:01 1194456                    /lib/x86_64-linux-gnu/libnsl-2.19.so
7f7e56593000-7f7e56594000 rw-p 00017000 08:01 1194456                    /lib/x86_64-linux-gnu/libnsl-2.19.so
7f7e56594000-7f7e56596000 rw-p 00000000 00:00 0 
7f7e56596000-7f7e5659f000 r-xp 00000000 08:01 1194455                    /lib/x86_64-linux-gnu/libnss_compat-2.19.so
7f7e5659f000-7f7e5679e000 ---p 00009000 08:01 1194455                    /lib/x86_64-linux-gnu/libnss_compat-2.19.so
7f7e5679e000-7f7e5679f000 r--p 00008000 08:01 1194455                    /lib/x86_64-linux-gnu/libnss_compat-2.19.so
7f7e5679f000-7f7e567a0000 rw-p 00009000 08:01 1194455                    /lib/x86_64-linux-gnu/libnss_compat-2.19.so
7f7e567a0000-7f7e567ca000 r-xp 00000000 08:01 928167                     /usr/lib/jvm/java-8-oracle/jre/lib/amd64/libjava.so
7f7e567ca000-7f7e569ca000 ---p 0002a000 08:01 928167                     /usr/lib/jvm/java-8-oracle/jre/lib/amd64/libjava.so
7f7e569ca000-7f7e569cc000 rw-p 0002a000 08:01 928167                     /usr/lib/jvm/java-8-oracle/jre/lib/amd64/libjava.so
7f7e569cc000-7f7e569d9000 r-xp 00000000 08:01 928149                     /usr/lib/jvm/java-8-oracle/jre/lib/amd64/libverify.so
7f7e569d9000-7f7e56bd9000 ---p 0000d000 08:01 928149                     /usr/lib/jvm/java-8-oracle/jre/lib/amd64/libverify.so
7f7e56bd9000-7f7e56bdb000 rw-p 0000d000 08:01 928149                     /usr/lib/jvm/java-8-oracle/jre/lib/amd64/libverify.so
7f7e56bdb000-7f7e56be2000 r-xp 00000000 08:01 1194464                    /lib/x86_64-linux-gnu/librt-2.19.so
7f7e56be2000-7f7e56de1000 ---p 00007000 08:01 1194464                    /lib/x86_64-linux-gnu/librt-2.19.so
7f7e56de1000-7f7e56de2000 r--p 00006000 08:01 1194464                    /lib/x86_64-linux-gnu/librt-2.19.so
7f7e56de2000-7f7e56de3000 rw-p 00007000 08:01 1194464                    /lib/x86_64-linux-gnu/librt-2.19.so
7f7e56de3000-7f7e56ee8000 r-xp 00000000 08:01 1194450                    /lib/x86_64-linux-gnu/libm-2.19.so
7f7e56ee8000-7f7e570e7000 ---p 00105000 08:01 1194450                    /lib/x86_64-linux-gnu/libm-2.19.so
7f7e570e7000-7f7e570e8000 r--p 00104000 08:01 1194450                    /lib/x86_64-linux-gnu/libm-2.19.so
7f7e570e8000-7f7e570e9000 rw-p 00105000 08:01 1194450                    /lib/x86_64-linux-gnu/libm-2.19.so
7f7e570e9000-7f7e57da9000 r-xp 00000000 08:01 928176                     /usr/lib/jvm/java-8-oracle/jre/lib/amd64/server/libjvm.so
7f7e57da9000-7f7e57fa9000 ---p 00cc0000 08:01 928176                     /usr/lib/jvm/java-8-oracle/jre/lib/amd64/server/libjvm.so
7f7e57fa9000-7f7e58081000 rw-p 00cc0000 08:01 928176                     /usr/lib/jvm/java-8-oracle/jre/lib/amd64/server/libjvm.so
7f7e58081000-7f7e580cc000 rw-p 00000000 00:00 0 
7f7e580cc000-7f7e58286000 r-xp 00000000 08:01 1194465                    /lib/x86_64-linux-gnu/libc-2.19.so
7f7e58286000-7f7e58486000 ---p 001ba000 08:01 1194465                    /lib/x86_64-linux-gnu/libc-2.19.so
7f7e58486000-7f7e5848a000 r--p 001ba000 08:01 1194465                    /lib/x86_64-linux-gnu/libc-2.19.so
7f7e5848a000-7f7e5848c000 rw-p 001be000 08:01 1194465                    /lib/x86_64-linux-gnu/libc-2.19.so
7f7e5848c000-7f7e58491000 rw-p 00000000 00:00 0 
7f7e58491000-7f7e58494000 r-xp 00000000 08:01 1194452                    /lib/x86_64-linux-gnu/libdl-2.19.so
7f7e58494000-7f7e58693000 ---p 00003000 08:01 1194452                    /lib/x86_64-linux-gnu/libdl-2.19.so
7f7e58693000-7f7e58694000 r--p 00002000 08:01 1194452                    /lib/x86_64-linux-gnu/libdl-2.19.so
7f7e58694000-7f7e58695000 rw-p 00003000 08:01 1194452                    /lib/x86_64-linux-gnu/libdl-2.19.so
7f7e58695000-7f7e586aa000 r-xp 00000000 08:01 2374377                    /usr/lib/jvm/java-8-oracle/lib/amd64/jli/libjli.so
7f7e586aa000-7f7e588aa000 ---p 00015000 08:01 2374377                    /usr/lib/jvm/java-8-oracle/lib/amd64/jli/libjli.so
7f7e588aa000-7f7e588ab000 rw-p 00015000 08:01 2374377                    /usr/lib/jvm/java-8-oracle/lib/amd64/jli/libjli.so
7f7e588ab000-7f7e588c4000 r-xp 00000000 08:01 1194457                    /lib/x86_64-linux-gnu/libpthread-2.19.so
7f7e588c4000-7f7e58ac3000 ---p 00019000 08:01 1194457                    /lib/x86_64-linux-gnu/libpthread-2.19.so
7f7e58ac3000-7f7e58ac4000 r--p 00018000 08:01 1194457                    /lib/x86_64-linux-gnu/libpthread-2.19.so
7f7e58ac4000-7f7e58ac5000 rw-p 00019000 08:01 1194457                    /lib/x86_64-linux-gnu/libpthread-2.19.so
7f7e58ac5000-7f7e58ac9000 rw-p 00000000 00:00 0 
7f7e58ac9000-7f7e58aec000 r-xp 00000000 08:01 1194458                    /lib/x86_64-linux-gnu/ld-2.19.so
7f7e58aec000-7f7e58af3000 r--s 00000000 08:01 920801                     /usr/lib/x86_64-linux-gnu/gconv/gconv-modules.cache
7f7e58af3000-7f7e58bcc000 rw-p 00000000 00:00 0 
7f7e58bcc000-7f7e58bcf000 ---p 00000000 00:00 0 
7f7e58bcf000-7f7e58cd1000 rw-p 00000000 00:00 0 
7f7e58cd4000-7f7e58cd5000 rw-p 00000000 00:00 0 
7f7e58cd5000-7f7e58cdf000 r--s 0008b000 08:01 9184217                    /home/jairo/Documentos/Alergenos/app/build/intermediates/exploded-aar/com.android.support/appcompat-v7/23.3.0/jars/classes.jar
7f7e58cdf000-7f7e58ce7000 rw-s 00000000 08:01 10498355                   /tmp/hsperfdata_jairo/7225
7f7e58ce7000-7f7e58ce8000 rw-p 00000000 00:00 0 
7f7e58ce8000-7f7e58ce9000 ---p 00000000 00:00 0 
7f7e58ce9000-7f7e58ceb000 rw-p 00000000 00:00 0 
7f7e58ceb000-7f7e58cec000 r--p 00022000 08:01 1194458                    /lib/x86_64-linux-gnu/ld-2.19.so
7f7e58cec000-7f7e58ced000 rw-p 00023000 08:01 1194458                    /lib/x86_64-linux-gnu/ld-2.19.so
7f7e58ced000-7f7e58cee000 rw-p 00000000 00:00 0 
7ffc02b23000-7ffc02b44000 rw-p 00000000 00:00 0                          [stack]
7ffc02b64000-7ffc02b66000 r--p 00000000 00:00 0                          [vvar]
7ffc02b66000-7ffc02b68000 r-xp 00000000 00:00 0                          [vdso]
ffffffffff600000-ffffffffff601000 r-xp 00000000 00:00 0                  [vsyscall]

VM Arguments:
jvm_args: -Djava.awt.headless=true -Xmx1024M -Dfile.encoding=UTF-8 -Duser.country=ES -Duser.language=es -Duser.variant 
java_command: com.android.dx.command.Main --dex --force-jumbo --num-threads=4 --multi-dex --output /home/jairo/Documentos/Alergenos/app/build/intermediates/transforms/dex/debug/folders/1000/10/com.android.support-appcompat-v7-23.3.0_7bf2d58e7f82c62540da47ec3f5790f4bda6730f /home/jairo/Documentos/Alergenos/app/build/intermediates/exploded-aar/com.android.support/appcompat-v7/23.3.0/jars/classes.jar
java_class_path (initial): /home/jairo/Android/Sdk/build-tools/23.0.3/lib/dx.jar
Launcher Type: SUN_STANDARD

Environment Variables:
PATH=/usr/local/sbin:/usr/local/bin:/usr/sbin:/usr/bin:/sbin:/bin:/usr/games:/usr/local/games
LD_LIBRARY_PATH=/opt/android-studio/bin:
SHELL=/bin/bash
DISPLAY=:0

Signal Handlers:
SIGSEGV: [libjvm.so+0xabca10], sa_mask[0]=11111111011111111101111111111110, sa_flags=SA_RESTART|SA_SIGINFO
SIGBUS: [libjvm.so+0xabca10], sa_mask[0]=11111111011111111101111111111110, sa_flags=SA_RESTART|SA_SIGINFO
SIGFPE: [libjvm.so+0x919a20], sa_mask[0]=11111111011111111101111111111110, sa_flags=SA_RESTART|SA_SIGINFO
SIGPIPE: [libjvm.so+0x919a20], sa_mask[0]=11111111011111111101111111111110, sa_flags=SA_RESTART|SA_SIGINFO
SIGXFSZ: [libjvm.so+0x919a20], sa_mask[0]=11111111011111111101111111111110, sa_flags=SA_RESTART|SA_SIGINFO
SIGILL: [libjvm.so+0x919a20], sa_mask[0]=11111111011111111101111111111110, sa_flags=SA_RESTART|SA_SIGINFO
SIGUSR1: SIG_DFL, sa_mask[0]=00000000000000000000000000000000, sa_flags=none
SIGUSR2: [libjvm.so+0x91b050], sa_mask[0]=00100000000000000000000000000000, sa_flags=SA_RESTART|SA_SIGINFO
SIGHUP: [libjvm.so+0x91c450], sa_mask[0]=11111111011111111101111111111110, sa_flags=SA_RESTART|SA_SIGINFO
SIGINT: [libjvm.so+0x91c450], sa_mask[0]=11111111011111111101111111111110, sa_flags=SA_RESTART|SA_SIGINFO
SIGTERM: [libjvm.so+0x91c450], sa_mask[0]=11111111011111111101111111111110, sa_flags=SA_RESTART|SA_SIGINFO
SIGQUIT: [libjvm.so+0x91c450], sa_mask[0]=11111111011111111101111111111110, sa_flags=SA_RESTART|SA_SIGINFO


---------------  S Y S T E M  ---------------

OS:DISTRIB_ID=Ubuntu
DISTRIB_RELEASE=14.04
DISTRIB_CODENAME=trusty
DISTRIB_DESCRIPTION="Ubuntu 14.04.4 LTS"

uname:Linux 4.2.0-36-generic #42~14.04.1-Ubuntu SMP Fri May 13 17:27:22 UTC 2016 x86_64
libc:glibc 2.19 NPTL 2.19 
rlimit: STACK 8192k, CORE 0k, NPROC 31390, NOFILE 4096, AS infinity
load average:4,32 2,67 2,65

/proc/meminfo:
MemTotal:        8068664 kB
MemFree:           50788 kB
MemAvailable:     143100 kB
Buffers:            1940 kB
Cached:          1473244 kB
SwapCached:            0 kB
Active:          5488180 kB
Inactive:        1254028 kB
Active(anon):    5482508 kB
Inactive(anon):  1181468 kB
Active(file):       5672 kB
Inactive(file):    72560 kB
Unevictable:          32 kB
Mlocked:              32 kB
SwapTotal:             0 kB
SwapFree:              0 kB
Dirty:               148 kB
Writeback:             0 kB
AnonPages:       5267692 kB
Mapped:          1573812 kB
Shmem:           1396632 kB
Slab:             106444 kB
SReclaimable:      56368 kB
SUnreclaim:        50076 kB
KernelStack:       12976 kB
PageTables:        52984 kB
NFS_Unstable:          0 kB
Bounce:                0 kB
WritebackTmp:          0 kB
CommitLimit:     4034332 kB
Committed_AS:   12274016 kB
VmallocTotal:   34359738367 kB
VmallocUsed:      362732 kB
VmallocChunk:   34358945788 kB
HardwareCorrupted:     0 kB
AnonHugePages:   1947648 kB
CmaTotal:              0 kB
CmaFree:               0 kB
HugePages_Total:       0
HugePages_Free:        0
HugePages_Rsvd:        0
HugePages_Surp:        0
Hugepagesize:       2048 kB
DirectMap4k:      159184 kB
DirectMap2M:     8124416 kB


CPU:total 4 (2 cores per cpu, 2 threads per core) family 6 model 42 stepping 7, cmov, cx8, fxsr, mmx, sse, sse2, sse3, ssse3, sse4.1, sse4.2, popcnt, avx, clmul, ht, tsc, tscinvbit

/proc/cpuinfo:
processor	: 0
vendor_id	: GenuineIntel
cpu family	: 6
model		: 42
model name	: Intel(R) Core(TM) i3-2120 CPU @ 3.30GHz
stepping	: 7
microcode	: 0x23
cpu MHz		: 3300.000
cache size	: 3072 KB
physical id	: 0
siblings	: 4
core id		: 0
cpu cores	: 2
apicid		: 0
initial apicid	: 0
fpu		: yes
fpu_exception	: yes
cpuid level	: 13
wp		: yes
flags		: fpu vme de pse tsc msr pae mce cx8 apic sep mtrr pge mca cmov pat pse36 clflush dts acpi mmx fxsr sse sse2 ss ht tm pbe syscall nx rdtscp lm constant_tsc arch_perfmon pebs bts rep_good nopl xtopology nonstop_tsc aperfmperf eagerfpu pni pclmulqdq dtes64 monitor ds_cpl vmx est tm2 ssse3 cx16 xtpr pdcm pcid sse4_1 sse4_2 popcnt tsc_deadline_timer xsave avx lahf_lm arat epb pln pts dtherm tpr_shadow vnmi flexpriority ept vpid xsaveopt
bugs		:
bogomips	: 6585.16
clflush size	: 64
cache_alignment	: 64
address sizes	: 36 bits physical, 48 bits virtual
power management:

processor	: 1
vendor_id	: GenuineIntel
cpu family	: 6
model		: 42
model name	: Intel(R) Core(TM) i3-2120 CPU @ 3.30GHz
stepping	: 7
microcode	: 0x23
cpu MHz		: 3299.871
cache size	: 3072 KB
physical id	: 0
siblings	: 4
core id		: 1
cpu cores	: 2
apicid		: 2
initial apicid	: 2
fpu		: yes
fpu_exception	: yes
cpuid level	: 13
wp		: yes
flags		: fpu vme de pse tsc msr pae mce cx8 apic sep mtrr pge mca cmov pat pse36 clflush dts acpi mmx fxsr sse sse2 ss ht tm pbe syscall nx rdtscp lm constant_tsc arch_perfmon pebs bts rep_good nopl xtopology nonstop_tsc aperfmperf eagerfpu pni pclmulqdq dtes64 monitor ds_cpl vmx est tm2 ssse3 cx16 xtpr pdcm pcid sse4_1 sse4_2 popcnt tsc_deadline_timer xsave avx lahf_lm arat epb pln pts dtherm tpr_shadow vnmi flexpriority ept vpid xsaveopt
bugs		:
bogomips	: 6585.16
clflush size	: 64
cache_alignment	: 64
address sizes	: 36 bits physical, 48 bits virtual
power management:

processor	: 2
vendor_id	: GenuineIntel
cpu family	: 6
model		: 42
model name	: Intel(R) Core(TM) i3-2120 CPU @ 3.30GHz
stepping	: 7
microcode	: 0x23
cpu MHz		: 3300.000
cache size	: 3072 KB
physical id	: 0
siblings	: 4
core id		: 0
cpu cores	: 2
apicid		: 1
initial apicid	: 1
fpu		: yes
fpu_exception	: yes
cpuid level	: 13
wp		: yes
flags		: fpu vme de pse tsc msr pae mce cx8 apic sep mtrr pge mca cmov pat pse36 clflush dts acpi mmx fxsr sse sse2 ss ht tm pbe syscall nx rdtscp lm constant_tsc arch_perfmon pebs bts rep_good nopl xtopology nonstop_tsc aperfmperf eagerfpu pni pclmulqdq dtes64 monitor ds_cpl vmx est tm2 ssse3 cx16 xtpr pdcm pcid sse4_1 sse4_2 popcnt tsc_deadline_timer xsave avx lahf_lm arat epb pln pts dtherm tpr_shadow vnmi flexpriority ept vpid xsaveopt
bugs		:
bogomips	: 6585.16
clflush size	: 64
cache_alignment	: 64
address sizes	: 36 bits physical, 48 bits virtual
power management:

processor	: 3
vendor_id	: GenuineIntel
cpu family	: 6
model		: 42
model name	: Intel(R) Core(TM) i3-2120 CPU @ 3.30GHz
stepping	: 7
microcode	: 0x23
cpu MHz		: 3299.871
cache size	: 3072 KB
physical id	: 0
siblings	: 4
core id		: 1
cpu cores	: 2
apicid		: 3
initial apicid	: 3
fpu		: yes
fpu_exception	: yes
cpuid level	: 13
wp		: yes
flags		: fpu vme de pse tsc msr pae mce cx8 apic sep mtrr pge mca cmov pat pse36 clflush dts acpi mmx fxsr sse sse2 ss ht tm pbe syscall nx rdtscp lm constant_tsc arch_perfmon pebs bts rep_good nopl xtopology nonstop_tsc aperfmperf eagerfpu pni pclmulqdq dtes64 monitor ds_cpl vmx est tm2 ssse3 cx16 xtpr pdcm pcid sse4_1 sse4_2 popcnt tsc_deadline_timer xsave avx lahf_lm arat epb pln pts dtherm tpr_shadow vnmi flexpriority ept vpid xsaveopt
bugs		:
bogomips	: 6585.16
clflush size	: 64
cache_alignment	: 64
address sizes	: 36 bits physical, 48 bits virtual
power management:



Memory: 4k page, physical 8068664k(50788k free), swap 0k(0k free)

vm_info: Java HotSpot(TM) 64-Bit Server VM (25.91-b14) for linux-amd64 JRE (1.8.0_91-b14), built on Apr  1 2016 00:57:21 by "java_re" with gcc 4.3.0 20080428 (Red Hat 4.3.0-8)

time: Thu Jun  9 18:51:05 2016
elapsed time: 11 seconds (0d 0h 0m 11s)

