#
# There is insufficient memory for the Java Runtime Environment to continue.
# Native memory allocation (mmap) failed to map 169869312 bytes for committing reserved memory.
# Possible reasons:
#   The system is out of physical RAM or swap space
#   In 32 bit mode, the process size limit was hit
# Possible solutions:
#   Reduce memory load on the system
#   Increase physical memory or swap space
#   Check if swap backing store is full
#   Use 64 bit Java on a 64 bit OS
#   Decrease Java heap size (-Xmx/-Xms)
#   Decrease number of Java threads
#   Decrease Java thread stack sizes (-Xss)
#   Set larger code cache with -XX:ReservedCodeCacheSize=
# This output file may be truncated or incomplete.
#
#  Out of Memory Error (os_linux.cpp:2627), pid=6698, tid=140636558235392
#
# JRE version: Java(TM) SE Runtime Environment (8.0_91-b14) (build 1.8.0_91-b14)
# Java VM: Java HotSpot(TM) 64-Bit Server VM (25.91-b14 mixed mode linux-amd64 compressed oops)
# Failed to write core dump. Core dumps have been disabled. To enable core dumping, try "ulimit -c unlimited" before starting Java again
#

---------------  T H R E A D  ---------------

Current thread (0x00007fe894078000):  VMThread [stack: 0x00007fe880089000,0x00007fe88018a000] [id=6708]

Stack: [0x00007fe880089000,0x00007fe88018a000],  sp=0x00007fe880187fe0,  free space=1019k
Native frames: (J=compiled Java code, j=interpreted, Vv=VM code, C=native code)
V  [libjvm.so+0xabc18a]  VMError::report_and_die()+0x2ba
V  [libjvm.so+0x4fafeb]  report_vm_out_of_memory(char const*, int, unsigned long, VMErrorType, char const*)+0x8b
V  [libjvm.so+0x91cbb3]  os::Linux::commit_memory_impl(char*, unsigned long, bool)+0x103
V  [libjvm.so+0x91d109]  os::pd_commit_memory(char*, unsigned long, unsigned long, bool)+0x29
V  [libjvm.so+0x91740a]  os::commit_memory(char*, unsigned long, unsigned long, bool)+0x2a
V  [libjvm.so+0x98b033]  PSVirtualSpace::expand_by(unsigned long)+0x53
V  [libjvm.so+0x98c438]  PSYoungGen::resize_generation(unsigned long, unsigned long)+0xf8
V  [libjvm.so+0x98b592]  PSYoungGen::resize(unsigned long, unsigned long)+0x22
V  [libjvm.so+0x98886b]  PSScavenge::invoke_no_policy()+0xf3b
V  [libjvm.so+0x988ff1]  PSScavenge::invoke()+0x41
V  [libjvm.so+0x9408b0]  ParallelScavengeHeap::failed_mem_allocate(unsigned long)+0x70
V  [libjvm.so+0xabdba7]  VM_ParallelGCFailedAllocation::doit()+0x97
V  [libjvm.so+0xac55d5]  VM_Operation::evaluate()+0x55
V  [libjvm.so+0xac39aa]  VMThread::evaluate_operation(VM_Operation*)+0xba
V  [libjvm.so+0xac3d2e]  VMThread::loop()+0x1ce
V  [libjvm.so+0xac41a0]  VMThread::run()+0x70
V  [libjvm.so+0x91ef78]  java_start(Thread*)+0x108

VM_Operation (0x00007fe86ad0fb00): ParallelGCFailedAllocation, mode: safepoint, requested by thread 0x00007fe894149800


---------------  P R O C E S S  ---------------

Java Threads: ( => current thread )
  0x00007fe894149800 JavaThread "pool-1-thread-4" [_thread_blocked, id=6741, stack(0x00007fe86ac11000,0x00007fe86ad12000)]
  0x00007fe894148000 JavaThread "pool-1-thread-3" [_thread_blocked, id=6740, stack(0x00007fe86ad12000,0x00007fe86ae13000)]
  0x00007fe894147000 JavaThread "pool-1-thread-2" [_thread_blocked, id=6739, stack(0x00007fe86ae13000,0x00007fe86af14000)]
  0x00007fe89413b000 JavaThread "pool-2-thread-1" [_thread_blocked, id=6738, stack(0x00007fe86af14000,0x00007fe86b015000)]
  0x00007fe894139000 JavaThread "pool-1-thread-1" [_thread_blocked, id=6737, stack(0x00007fe86b015000,0x00007fe86b116000)]
  0x00007fe8940c0800 JavaThread "Service Thread" daemon [_thread_blocked, id=6716, stack(0x00007fe86b217000,0x00007fe86b318000)]
  0x00007fe8940bd800 JavaThread "C1 CompilerThread2" daemon [_thread_blocked, id=6715, stack(0x00007fe86b318000,0x00007fe86b419000)]
  0x00007fe8940bb800 JavaThread "C2 CompilerThread1" daemon [_thread_blocked, id=6714, stack(0x00007fe86b419000,0x00007fe86b51a000)]
  0x00007fe8940b8800 JavaThread "C2 CompilerThread0" daemon [_thread_in_native, id=6713, stack(0x00007fe86b51a000,0x00007fe86b61b000)]
  0x00007fe8940b7800 JavaThread "Signal Dispatcher" daemon [_thread_blocked, id=6712, stack(0x00007fe86b61b000,0x00007fe86b71c000)]
  0x00007fe894084000 JavaThread "Finalizer" daemon [_thread_blocked, id=6711, stack(0x00007fe86bdfe000,0x00007fe86beff000)]
  0x00007fe89407f800 JavaThread "Reference Handler" daemon [_thread_blocked, id=6709, stack(0x00007fe86beff000,0x00007fe86c000000)]
  0x00007fe89400a000 JavaThread "main" [_thread_blocked, id=6701, stack(0x00007fe89a74d000,0x00007fe89a84e000)]

Other Threads:
=>0x00007fe894078000 VMThread [stack: 0x00007fe880089000,0x00007fe88018a000] [id=6708]
  0x00007fe8940c3000 WatcherThread [stack: 0x00007fe86b116000,0x00007fe86b217000] [id=6717]

VM state:at safepoint (normal execution)

VM Mutex/Monitor currently owned by a thread:  ([mutex/lock_event])
[0x00007fe8940064f0] Threads_lock - owner thread: 0x00007fe894078000
[0x00007fe8940069f0] Heap_lock - owner thread: 0x00007fe894149800

Heap:
 PSYoungGen      total 132096K, used 5101K [0x00000000eab00000, 0x00000000f3100000, 0x0000000100000000)
  eden space 126976K, 0% used [0x00000000eab00000,0x00000000eab00000,0x00000000f2700000)
  from space 5120K, 99% used [0x00000000f2700000,0x00000000f2bfb778,0x00000000f2c00000)
  to   space 5120K, 0% used [0x00000000f2c00000,0x00000000f2c00000,0x00000000f3100000)
 ParOldGen       total 84992K, used 40631K [0x00000000c0000000, 0x00000000c5300000, 0x00000000eab00000)
  object space 84992K, 47% used [0x00000000c0000000,0x00000000c27add08,0x00000000c5300000)
 Metaspace       used 6315K, capacity 7192K, committed 7424K, reserved 1056768K
  class space    used 614K, capacity 656K, committed 768K, reserved 1048576K

Card table byte_map: [0x00007fe8841f3000,0x00007fe8843f4000] byte_map_base: 0x00007fe883bf3000

Marking Bits: (ParMarkBitMap*) 0x00007fe899c20d60
 Begin Bits: [0x00007fe881d9a000, 0x00007fe882d9a000)
 End Bits:   [0x00007fe882d9a000, 0x00007fe883d9a000)

Polling page: 0x00007fe89a869000

CodeCache: size=245760Kb used=6764Kb max_used=6764Kb free=238995Kb
 bounds [0x00007fe8847b4000, 0x00007fe884e54000, 0x00007fe8937b4000]
 total_blobs=2046 nmethods=1777 adapters=182
 compilation: enabled

Compilation events (10 events):
Event: 10,403 Thread 0x00007fe8940bd800 2125       2       com.android.dx.rop.code.SwitchInsn::<init> (49 bytes)
Event: 10,410 Thread 0x00007fe8940bd800 nmethod 2125 0x00007fe884e4e810 code [0x00007fe884e4e9a0, 0x00007fe884e4eca8]
Event: 10,461 Thread 0x00007fe8940bd800 2127 %     3       com.android.dx.ssa.SsaBasicBlock::replaceSuccessor @ 37 (125 bytes)
Event: 10,484 Thread 0x00007fe8940bd800 nmethod 2127% 0x00007fe884e4ee50 code [0x00007fe884e4f0e0, 0x00007fe884e4fff8]
Event: 10,536 Thread 0x00007fe8940bd800 2128       2       java.util.HashMap::comparableClassFor (105 bytes)
Event: 10,537 Thread 0x00007fe8940bd800 nmethod 2128 0x00007fe884e50950 code [0x00007fe884e50b20, 0x00007fe884e50f88]
Event: 10,539 Thread 0x00007fe8940bd800 2129 %     3       com.android.dx.ssa.SsaRenamer::<init> @ 65 (100 bytes)
Event: 10,540 Thread 0x00007fe8940bd800 nmethod 2129% 0x00007fe884e51290 code [0x00007fe884e51480, 0x00007fe884e52028]
Event: 10,540 Thread 0x00007fe8940bd800 2130       3       com.android.dx.ssa.SsaRenamer::<init> (100 bytes)
Event: 10,541 Thread 0x00007fe8940bd800 nmethod 2130 0x00007fe884e52550 code [0x00007fe884e52740, 0x00007fe884e53248]

GC Heap History (9 events):
Event: 3,054 GC heap before
{Heap before GC invocations=1 (full 0):
 PSYoungGen      total 36864K, used 31744K [0x00000000eab00000, 0x00000000ed400000, 0x0000000100000000)
  eden space 31744K, 100% used [0x00000000eab00000,0x00000000eca00000,0x00000000eca00000)
  from space 5120K, 0% used [0x00000000ecf00000,0x00000000ecf00000,0x00000000ed400000)
  to   space 5120K, 0% used [0x00000000eca00000,0x00000000eca00000,0x00000000ecf00000)
 ParOldGen       total 84992K, used 0K [0x00000000c0000000, 0x00000000c5300000, 0x00000000eab00000)
  object space 84992K, 0% used [0x00000000c0000000,0x00000000c0000000,0x00000000c5300000)
 Metaspace       used 5781K, capacity 6768K, committed 7040K, reserved 1056768K
  class space    used 593K, capacity 616K, committed 640K, reserved 1048576K
Event: 3,097 GC heap after
Heap after GC invocations=1 (full 0):
 PSYoungGen      total 36864K, used 5098K [0x00000000eab00000, 0x00000000ef300000, 0x0000000100000000)
  eden space 31744K, 0% used [0x00000000eab00000,0x00000000eab00000,0x00000000eca00000)
  from space 5120K, 99% used [0x00000000eca00000,0x00000000ecefaa60,0x00000000ecf00000)
  to   space 5120K, 0% used [0x00000000eee00000,0x00000000eee00000,0x00000000ef300000)
 ParOldGen       total 84992K, used 907K [0x00000000c0000000, 0x00000000c5300000, 0x00000000eab00000)
  object space 84992K, 1% used [0x00000000c0000000,0x00000000c00e2d60,0x00000000c5300000)
 Metaspace       used 5781K, capacity 6768K, committed 7040K, reserved 1056768K
  class space    used 593K, capacity 616K, committed 640K, reserved 1048576K
}
Event: 4,458 GC heap before
{Heap before GC invocations=2 (full 0):
 PSYoungGen      total 36864K, used 36842K [0x00000000eab00000, 0x00000000ef300000, 0x0000000100000000)
  eden space 31744K, 100% used [0x00000000eab00000,0x00000000eca00000,0x00000000eca00000)
  from space 5120K, 99% used [0x00000000eca00000,0x00000000ecefaa60,0x00000000ecf00000)
  to   space 5120K, 0% used [0x00000000eee00000,0x00000000eee00000,0x00000000ef300000)
 ParOldGen       total 84992K, used 907K [0x00000000c0000000, 0x00000000c5300000, 0x00000000eab00000)
  object space 84992K, 1% used [0x00000000c0000000,0x00000000c00e2d60,0x00000000c5300000)
 Metaspace       used 5843K, capacity 6832K, committed 7040K, reserved 1056768K
  class space    used 593K, capacity 616K, committed 640K, reserved 1048576K
Event: 4,526 GC heap after
Heap after GC invocations=2 (full 0):
 PSYoungGen      total 68608K, used 5117K [0x00000000eab00000, 0x00000000ef300000, 0x0000000100000000)
  eden space 63488K, 0% used [0x00000000eab00000,0x00000000eab00000,0x00000000ee900000)
  from space 5120K, 99% used [0x00000000eee00000,0x00000000ef2ff620,0x00000000ef300000)
  to   space 5120K, 0% used [0x00000000ee900000,0x00000000ee900000,0x00000000eee00000)
 ParOldGen       total 84992K, used 4967K [0x00000000c0000000, 0x00000000c5300000, 0x00000000eab00000)
  object space 84992K, 5% used [0x00000000c0000000,0x00000000c04d9e90,0x00000000c5300000)
 Metaspace       used 5843K, capacity 6832K, committed 7040K, reserved 1056768K
  class space    used 593K, capacity 616K, committed 640K, reserved 1048576K
}
Event: 6,444 GC heap before
{Heap before GC invocations=3 (full 0):
 PSYoungGen      total 68608K, used 68605K [0x00000000eab00000, 0x00000000ef300000, 0x0000000100000000)
  eden space 63488K, 100% used [0x00000000eab00000,0x00000000ee900000,0x00000000ee900000)
  from space 5120K, 99% used [0x00000000eee00000,0x00000000ef2ff620,0x00000000ef300000)
  to   space 5120K, 0% used [0x00000000ee900000,0x00000000ee900000,0x00000000eee00000)
 ParOldGen       total 84992K, used 4967K [0x00000000c0000000, 0x00000000c5300000, 0x00000000eab00000)
  object space 84992K, 5% used [0x00000000c0000000,0x00000000c04d9e90,0x00000000c5300000)
 Metaspace       used 5998K, capacity 6960K, committed 7040K, reserved 1056768K
  class space    used 594K, capacity 616K, committed 640K, reserved 1048576K
Event: 6,824 GC heap after
Heap after GC invocations=3 (full 0):
 PSYoungGen      total 68608K, used 5103K [0x00000000eab00000, 0x00000000f3100000, 0x0000000100000000)
  eden space 63488K, 0% used [0x00000000eab00000,0x00000000eab00000,0x00000000ee900000)
  from space 5120K, 99% used [0x00000000ee900000,0x00000000eedfbc40,0x00000000eee00000)
  to   space 5120K, 0% used [0x00000000f2c00000,0x00000000f2c00000,0x00000000f3100000)
 ParOldGen       total 84992K, used 13511K [0x00000000c0000000, 0x00000000c5300000, 0x00000000eab00000)
  object space 84992K, 15% used [0x00000000c0000000,0x00000000c0d31ed8,0x00000000c5300000)
 Metaspace       used 5998K, capacity 6960K, committed 7040K, reserved 1056768K
  class space    used 594K, capacity 616K, committed 640K, reserved 1048576K
}
Event: 8,018 GC heap before
{Heap before GC invocations=4 (full 0):
 PSYoungGen      total 68608K, used 68591K [0x00000000eab00000, 0x00000000f3100000, 0x0000000100000000)
  eden space 63488K, 100% used [0x00000000eab00000,0x00000000ee900000,0x00000000ee900000)
  from space 5120K, 99% used [0x00000000ee900000,0x00000000eedfbc40,0x00000000eee00000)
  to   space 5120K, 0% used [0x00000000f2c00000,0x00000000f2c00000,0x00000000f3100000)
 ParOldGen       total 84992K, used 13511K [0x00000000c0000000, 0x00000000c5300000, 0x00000000eab00000)
  object space 84992K, 15% used [0x00000000c0000000,0x00000000c0d31ed8,0x00000000c5300000)
 Metaspace       used 6173K, capacity 7064K, committed 7424K, reserved 1056768K
  class space    used 614K, capacity 656K, committed 768K, reserved 1048576K
Event: 8,119 GC heap after
Heap after GC invocations=4 (full 0):
 PSYoungGen      total 132096K, used 5090K [0x00000000eab00000, 0x00000000f3100000, 0x0000000100000000)
  eden space 126976K, 0% used [0x00000000eab00000,0x00000000eab00000,0x00000000f2700000)
  from space 5120K, 99% used [0x00000000f2c00000,0x00000000f30f8a90,0x00000000f3100000)
  to   space 5120K, 0% used [0x00000000f2700000,0x00000000f2700000,0x00000000f2c00000)
 ParOldGen       total 84992K, used 22814K [0x00000000c0000000, 0x00000000c5300000, 0x00000000eab00000)
  object space 84992K, 26% used [0x00000000c0000000,0x00000000c1647ac0,0x00000000c5300000)
 Metaspace       used 6173K, capacity 7064K, committed 7424K, reserved 1056768K
  class space    used 614K, capacity 656K, committed 768K, reserved 1048576K
}
Event: 10,574 GC heap before
{Heap before GC invocations=5 (full 0):
 PSYoungGen      total 132096K, used 132066K [0x00000000eab00000, 0x00000000f3100000, 0x0000000100000000)
  eden space 126976K, 100% used [0x00000000eab00000,0x00000000f2700000,0x00000000f2700000)
  from space 5120K, 99% used [0x00000000f2c00000,0x00000000f30f8a90,0x00000000f3100000)
  to   space 5120K, 0% used [0x00000000f2700000,0x00000000f2700000,0x00000000f2c00000)
 ParOldGen       total 84992K, used 22814K [0x00000000c0000000, 0x00000000c5300000, 0x00000000eab00000)
  object space 84992K, 26% used [0x00000000c0000000,0x00000000c1647ac0,0x00000000c5300000)
 Metaspace       used 6315K, capacity 7192K, committed 7424K, reserved 1056768K
  class space    used 614K, capacity 656K, committed 768K, reserved 1048576K

Deoptimization events (10 events):
Event: 4,604 Thread 0x00007fe894147000 Uncommon trap: reason=bimorphic action=maybe_recompile pc=0x00007fe8849aebd8 method=java.util.HashMap.getNode(ILjava/lang/Object;)Ljava/util/HashMap$Node; @ 126
Event: 5,373 Thread 0x00007fe894139000 Uncommon trap: reason=unstable_if action=reinterpret pc=0x00007fe884b31484 method=com.android.dx.util.IntList.binarysearch(I)I @ 105
Event: 5,736 Thread 0x00007fe894149800 Uncommon trap: reason=unstable_if action=reinterpret pc=0x00007fe884af797c method=com.android.dx.ssa.SsaMethod.updateOneDefinition(Lcom/android/dx/ssa/SsaInsn;Lcom/android/dx/rop/code/RegisterSpec;)V @ 4
Event: 6,904 Thread 0x00007fe894148000 Uncommon trap: reason=unstable_if action=reinterpret pc=0x00007fe884c5ce3c method=com.android.dx.ssa.SCCP.simulateStmt(Lcom/android/dx/ssa/SsaInsn;)V @ 53
Event: 7,741 Thread 0x00007fe894148000 Uncommon trap: reason=unstable_if action=reinterpret pc=0x00007fe884a5fa3c method=java.util.HashMap.putVal(ILjava/lang/Object;Ljava/lang/Object;ZZ)Ljava/lang/Object; @ 162
Event: 7,813 Thread 0x00007fe894148000 Uncommon trap: reason=unstable_if action=reinterpret pc=0x00007fe884b4d66c method=java.util.HashMap.getNode(ILjava/lang/Object;)Ljava/util/HashMap$Node; @ 84
Event: 7,815 Thread 0x00007fe894148000 Uncommon trap: reason=unstable_if action=reinterpret pc=0x00007fe8849d2d74 method=java.util.HashMap.getNode(ILjava/lang/Object;)Ljava/util/HashMap$Node; @ 84
Event: 7,815 Thread 0x00007fe894148000 Uncommon trap: reason=unstable_if action=reinterpret pc=0x00007fe884bdd35c method=java.util.HashMap.putVal(ILjava/lang/Object;Ljava/lang/Object;ZZ)Ljava/lang/Object; @ 109
Event: 10,029 Thread 0x00007fe894149800 Uncommon trap: reason=unstable_if action=reinterpret pc=0x00007fe884b30748 method=com.android.dx.dex.code.OutputFinisher.hasLocalInfo(Lcom/android/dx/dex/code/DalvInsn;)Z @ 24
Event: 10,170 Thread 0x00007fe894139000 Uncommon trap: reason=unstable_if action=reinterpret pc=0x00007fe884d43cac method=com.android.dx.ssa.SCCP.simulateBranch(Lcom/android/dx/ssa/SsaInsn;)V @ 548

Internal exceptions (6 events):
Event: 0,175 Thread 0x00007fe89400a000 Exception <a 'java/lang/NoSuchMethodError': Method sun.misc.Unsafe.defineClass(Ljava/lang/String;[BII)Ljava/lang/Class; name or signature does not match> (0x00000000eab07cc0) thrown at [/HUDSON/workspace/8-2-build-linux-amd64/jdk8u91/6644/hotspot/src/shar
Event: 0,175 Thread 0x00007fe89400a000 Exception <a 'java/lang/NoSuchMethodError': Method sun.misc.Unsafe.prefetchRead(Ljava/lang/Object;J)V name or signature does not match> (0x00000000eab07fa8) thrown at [/HUDSON/workspace/8-2-build-linux-amd64/jdk8u91/6644/hotspot/src/share/vm/prims/jni.cpp
Event: 3,387 Thread 0x00007fe894149800 Implicit null exception at 0x00007fe884a63f57 to 0x00007fe884a66df9
Event: 7,795 Thread 0x00007fe894148000 Exception <a 'java/lang/ArrayIndexOutOfBoundsException': 18> (0x00000000edc558b0) thrown at [/HUDSON/workspace/8-2-build-linux-amd64/jdk8u91/6644/hotspot/src/share/vm/interpreter/interpreterRuntime.cpp, line 366]
Event: 7,795 Thread 0x00007fe894148000 Exception <a 'java/lang/ArrayIndexOutOfBoundsException': 145> (0x00000000edc57430) thrown at [/HUDSON/workspace/8-2-build-linux-amd64/jdk8u91/6644/hotspot/src/share/vm/interpreter/interpreterRuntime.cpp, line 366]
Event: 7,801 Thread 0x00007fe894148000 Exception <a 'java/lang/ArrayIndexOutOfBoundsException': 40> (0x00000000edc58718) thrown at [/HUDSON/workspace/8-2-build-linux-amd64/jdk8u91/6644/hotspot/src/share/vm/interpreter/interpreterRuntime.cpp, line 366]

Events (10 events):
Event: 10,304 Thread 0x00007fe894149800 DEOPT UNPACKING pc=0x00007fe8847fb633 sp=0x00007fe86ad0fa00 mode 0
Event: 10,308 Thread 0x00007fe894147000 DEOPT PACKING pc=0x00007fe884c31b89 sp=0x00007fe86af11dc0
Event: 10,308 Thread 0x00007fe894147000 DEOPT UNPACKING pc=0x00007fe8847fb633 sp=0x00007fe86af11ba0 mode 0
Event: 10,369 Thread 0x00007fe894147000 DEOPT PACKING pc=0x00007fe884c23377 sp=0x00007fe86af11dd0
Event: 10,369 Thread 0x00007fe894147000 DEOPT UNPACKING pc=0x00007fe8847fb633 sp=0x00007fe86af11b68 mode 0
Event: 10,510 Thread 0x00007fe89400a000 DEOPT PACKING pc=0x00007fe884b5fbec sp=0x00007fe89a84b7a0
Event: 10,510 Thread 0x00007fe89400a000 DEOPT UNPACKING pc=0x00007fe8847fb633 sp=0x00007fe89a84b4a0 mode 0
Event: 10,541 Thread 0x00007fe894147000 DEOPT PACKING pc=0x00007fe884c65681 sp=0x00007fe86af11e10
Event: 10,541 Thread 0x00007fe894147000 DEOPT UNPACKING pc=0x00007fe8847fb633 sp=0x00007fe86af11bb0 mode 0
Event: 10,561 Executing VM operation: ParallelGCFailedAllocation


Dynamic libraries:
00400000-00401000 r-xp 00000000 08:01 1059845                            /usr/lib/jvm/java-8-oracle/bin/java
00600000-00601000 rw-p 00000000 08:01 1059845                            /usr/lib/jvm/java-8-oracle/bin/java
02441000-02462000 rw-p 00000000 00:00 0                                  [heap]
c0000000-c5300000 rw-p 00000000 00:00 0 
c5300000-eab00000 ---p 00000000 00:00 0 
eab00000-f3100000 rw-p 00000000 00:00 0 
fd300000-100000000 ---p 00000000 00:00 0 
100000000-1000c0000 rw-p 00000000 00:00 0 
1000c0000-140000000 ---p 00000000 00:00 0 
7fe834000000-7fe834021000 rw-p 00000000 00:00 0 
7fe834021000-7fe838000000 ---p 00000000 00:00 0 
7fe838000000-7fe838021000 rw-p 00000000 00:00 0 
7fe838021000-7fe83c000000 ---p 00000000 00:00 0 
7fe83c000000-7fe83c021000 rw-p 00000000 00:00 0 
7fe83c021000-7fe840000000 ---p 00000000 00:00 0 
7fe840000000-7fe840021000 rw-p 00000000 00:00 0 
7fe840021000-7fe844000000 ---p 00000000 00:00 0 
7fe844000000-7fe844021000 rw-p 00000000 00:00 0 
7fe844021000-7fe848000000 ---p 00000000 00:00 0 
7fe848000000-7fe848028000 rw-p 00000000 00:00 0 
7fe848028000-7fe84c000000 ---p 00000000 00:00 0 
7fe84c000000-7fe84c950000 rw-p 00000000 00:00 0 
7fe84c950000-7fe850000000 ---p 00000000 00:00 0 
7fe850000000-7fe850021000 rw-p 00000000 00:00 0 
7fe850021000-7fe854000000 ---p 00000000 00:00 0 
7fe854000000-7fe854c4e000 rw-p 00000000 00:00 0 
7fe854c4e000-7fe858000000 ---p 00000000 00:00 0 
7fe858000000-7fe8589ef000 rw-p 00000000 00:00 0 
7fe8589ef000-7fe85c000000 ---p 00000000 00:00 0 
7fe85c000000-7fe85c021000 rw-p 00000000 00:00 0 
7fe85c021000-7fe860000000 ---p 00000000 00:00 0 
7fe860000000-7fe860021000 rw-p 00000000 00:00 0 
7fe860021000-7fe864000000 ---p 00000000 00:00 0 
7fe864000000-7fe864021000 rw-p 00000000 00:00 0 
7fe864021000-7fe868000000 ---p 00000000 00:00 0 
7fe86ac11000-7fe86ac14000 ---p 00000000 00:00 0 
7fe86ac14000-7fe86ad12000 rw-p 00000000 00:00 0 
7fe86ad12000-7fe86ad15000 ---p 00000000 00:00 0 
7fe86ad15000-7fe86ae13000 rw-p 00000000 00:00 0 
7fe86ae13000-7fe86ae16000 ---p 00000000 00:00 0 
7fe86ae16000-7fe86af14000 rw-p 00000000 00:00 0 
7fe86af14000-7fe86af17000 ---p 00000000 00:00 0 
7fe86af17000-7fe86b015000 rw-p 00000000 00:00 0 
7fe86b015000-7fe86b018000 ---p 00000000 00:00 0 
7fe86b018000-7fe86b116000 rw-p 00000000 00:00 0 
7fe86b116000-7fe86b117000 ---p 00000000 00:00 0 
7fe86b117000-7fe86b217000 rw-p 00000000 00:00 0 
7fe86b217000-7fe86b21a000 ---p 00000000 00:00 0 
7fe86b21a000-7fe86b318000 rw-p 00000000 00:00 0 
7fe86b318000-7fe86b31b000 ---p 00000000 00:00 0 
7fe86b31b000-7fe86b419000 rw-p 00000000 00:00 0 
7fe86b419000-7fe86b41c000 ---p 00000000 00:00 0 
7fe86b41c000-7fe86b51a000 rw-p 00000000 00:00 0 
7fe86b51a000-7fe86b51d000 ---p 00000000 00:00 0 
7fe86b51d000-7fe86b61b000 rw-p 00000000 00:00 0 
7fe86b61b000-7fe86b61e000 ---p 00000000 00:00 0 
7fe86b61e000-7fe86b71c000 rw-p 00000000 00:00 0 
7fe86b71c000-7fe86bdfe000 r--p 00000000 08:01 531282                     /usr/lib/locale/locale-archive
7fe86bdfe000-7fe86be01000 ---p 00000000 00:00 0 
7fe86be01000-7fe86beff000 rw-p 00000000 00:00 0 
7fe86beff000-7fe86bf02000 ---p 00000000 00:00 0 
7fe86bf02000-7fe86c000000 rw-p 00000000 00:00 0 
7fe86c000000-7fe86c021000 rw-p 00000000 00:00 0 
7fe86c021000-7fe870000000 ---p 00000000 00:00 0 
7fe870000000-7fe87028e000 rw-p 00000000 00:00 0 
7fe87028e000-7fe874000000 ---p 00000000 00:00 0 
7fe874000000-7fe874021000 rw-p 00000000 00:00 0 
7fe874021000-7fe878000000 ---p 00000000 00:00 0 
7fe878000000-7fe878021000 rw-p 00000000 00:00 0 
7fe878021000-7fe87c000000 ---p 00000000 00:00 0 
7fe87c000000-7fe87c021000 rw-p 00000000 00:00 0 
7fe87c021000-7fe880000000 ---p 00000000 00:00 0 
7fe880063000-7fe880089000 r--p 00000000 08:01 2243018                    /usr/share/locale-langpack/es/LC_MESSAGES/libc.mo
7fe880089000-7fe88008a000 ---p 00000000 00:00 0 
7fe88008a000-7fe88114b000 rw-p 00000000 00:00 0 
7fe88114b000-7fe881324000 r--s 03d1f000 08:01 928113                     /usr/lib/jvm/java-8-oracle/jre/lib/rt.jar
7fe881324000-7fe881a1a000 rw-p 00000000 00:00 0 
7fe881a1a000-7fe881b9a000 ---p 00000000 00:00 0 
7fe881b9a000-7fe883d9a000 rw-p 00000000 00:00 0 
7fe883d9a000-7fe883d9b000 ---p 00000000 00:00 0 
7fe883d9b000-7fe883e9b000 rw-p 00000000 00:00 0 
7fe883e9b000-7fe883e9c000 ---p 00000000 00:00 0 
7fe883e9c000-7fe883f9c000 rw-p 00000000 00:00 0 
7fe883f9c000-7fe883f9d000 ---p 00000000 00:00 0 
7fe883f9d000-7fe8840c7000 rw-p 00000000 00:00 0 
7fe8840c7000-7fe8841f3000 ---p 00000000 00:00 0 
7fe8841f3000-7fe88421d000 rw-p 00000000 00:00 0 
7fe88421d000-7fe884348000 ---p 00000000 00:00 0 
7fe884348000-7fe88438c000 rw-p 00000000 00:00 0 
7fe88438c000-7fe8843f3000 ---p 00000000 00:00 0 
7fe8843f3000-7fe88440f000 rw-p 00000000 00:00 0 
7fe88440f000-7fe8847b4000 ---p 00000000 00:00 0 
7fe8847b4000-7fe884e54000 rwxp 00000000 00:00 0 
7fe884e54000-7fe8937b4000 ---p 00000000 00:00 0 
7fe8937b4000-7fe8937ce000 r-xp 00000000 08:01 928122                     /usr/lib/jvm/java-8-oracle/jre/lib/amd64/libzip.so
7fe8937ce000-7fe8939ce000 ---p 0001a000 08:01 928122                     /usr/lib/jvm/java-8-oracle/jre/lib/amd64/libzip.so
7fe8939ce000-7fe8939cf000 rw-p 0001a000 08:01 928122                     /usr/lib/jvm/java-8-oracle/jre/lib/amd64/libzip.so
7fe8939cf000-7fe8939d9000 r-xp 00000000 08:01 1194468                    /lib/x86_64-linux-gnu/libnss_files-2.19.so
7fe8939d9000-7fe893bd8000 ---p 0000a000 08:01 1194468                    /lib/x86_64-linux-gnu/libnss_files-2.19.so
7fe893bd8000-7fe893bd9000 r--p 00009000 08:01 1194468                    /lib/x86_64-linux-gnu/libnss_files-2.19.so
7fe893bd9000-7fe893bda000 rw-p 0000a000 08:01 1194468                    /lib/x86_64-linux-gnu/libnss_files-2.19.so
7fe893bda000-7fe893be5000 r-xp 00000000 08:01 1194460                    /lib/x86_64-linux-gnu/libnss_nis-2.19.so
7fe893be5000-7fe893de4000 ---p 0000b000 08:01 1194460                    /lib/x86_64-linux-gnu/libnss_nis-2.19.so
7fe893de4000-7fe893de5000 r--p 0000a000 08:01 1194460                    /lib/x86_64-linux-gnu/libnss_nis-2.19.so
7fe893de5000-7fe893de6000 rw-p 0000b000 08:01 1194460                    /lib/x86_64-linux-gnu/libnss_nis-2.19.so
7fe893de6000-7fe893dfd000 r-xp 00000000 08:01 1194456                    /lib/x86_64-linux-gnu/libnsl-2.19.so
7fe893dfd000-7fe893ffc000 ---p 00017000 08:01 1194456                    /lib/x86_64-linux-gnu/libnsl-2.19.so
7fe893ffc000-7fe893ffd000 r--p 00016000 08:01 1194456                    /lib/x86_64-linux-gnu/libnsl-2.19.so
7fe893ffd000-7fe893ffe000 rw-p 00017000 08:01 1194456                    /lib/x86_64-linux-gnu/libnsl-2.19.so
7fe893ffe000-7fe894000000 rw-p 00000000 00:00 0 
7fe894000000-7fe89438c000 rw-p 00000000 00:00 0 
7fe89438c000-7fe898000000 ---p 00000000 00:00 0 
7fe898007000-7fe898016000 r--s 000df000 08:01 5248607                    /home/jairo/Android/Sdk/build-tools/23.0.3/lib/dx.jar
7fe898016000-7fe898017000 ---p 00000000 00:00 0 
7fe898017000-7fe898117000 rw-p 00000000 00:00 0 
7fe898117000-7fe898120000 r-xp 00000000 08:01 1194455                    /lib/x86_64-linux-gnu/libnss_compat-2.19.so
7fe898120000-7fe89831f000 ---p 00009000 08:01 1194455                    /lib/x86_64-linux-gnu/libnss_compat-2.19.so
7fe89831f000-7fe898320000 r--p 00008000 08:01 1194455                    /lib/x86_64-linux-gnu/libnss_compat-2.19.so
7fe898320000-7fe898321000 rw-p 00009000 08:01 1194455                    /lib/x86_64-linux-gnu/libnss_compat-2.19.so
7fe898321000-7fe89834b000 r-xp 00000000 08:01 928167                     /usr/lib/jvm/java-8-oracle/jre/lib/amd64/libjava.so
7fe89834b000-7fe89854b000 ---p 0002a000 08:01 928167                     /usr/lib/jvm/java-8-oracle/jre/lib/amd64/libjava.so
7fe89854b000-7fe89854d000 rw-p 0002a000 08:01 928167                     /usr/lib/jvm/java-8-oracle/jre/lib/amd64/libjava.so
7fe89854d000-7fe89855a000 r-xp 00000000 08:01 928149                     /usr/lib/jvm/java-8-oracle/jre/lib/amd64/libverify.so
7fe89855a000-7fe89875a000 ---p 0000d000 08:01 928149                     /usr/lib/jvm/java-8-oracle/jre/lib/amd64/libverify.so
7fe89875a000-7fe89875c000 rw-p 0000d000 08:01 928149                     /usr/lib/jvm/java-8-oracle/jre/lib/amd64/libverify.so
7fe89875c000-7fe898763000 r-xp 00000000 08:01 1194464                    /lib/x86_64-linux-gnu/librt-2.19.so
7fe898763000-7fe898962000 ---p 00007000 08:01 1194464                    /lib/x86_64-linux-gnu/librt-2.19.so
7fe898962000-7fe898963000 r--p 00006000 08:01 1194464                    /lib/x86_64-linux-gnu/librt-2.19.so
7fe898963000-7fe898964000 rw-p 00007000 08:01 1194464                    /lib/x86_64-linux-gnu/librt-2.19.so
7fe898964000-7fe898a69000 r-xp 00000000 08:01 1194450                    /lib/x86_64-linux-gnu/libm-2.19.so
7fe898a69000-7fe898c68000 ---p 00105000 08:01 1194450                    /lib/x86_64-linux-gnu/libm-2.19.so
7fe898c68000-7fe898c69000 r--p 00104000 08:01 1194450                    /lib/x86_64-linux-gnu/libm-2.19.so
7fe898c69000-7fe898c6a000 rw-p 00105000 08:01 1194450                    /lib/x86_64-linux-gnu/libm-2.19.so
7fe898c6a000-7fe89992a000 r-xp 00000000 08:01 928176                     /usr/lib/jvm/java-8-oracle/jre/lib/amd64/server/libjvm.so
7fe89992a000-7fe899b2a000 ---p 00cc0000 08:01 928176                     /usr/lib/jvm/java-8-oracle/jre/lib/amd64/server/libjvm.so
7fe899b2a000-7fe899c02000 rw-p 00cc0000 08:01 928176                     /usr/lib/jvm/java-8-oracle/jre/lib/amd64/server/libjvm.so
7fe899c02000-7fe899c4d000 rw-p 00000000 00:00 0 
7fe899c4d000-7fe899e07000 r-xp 00000000 08:01 1194465                    /lib/x86_64-linux-gnu/libc-2.19.so
7fe899e07000-7fe89a007000 ---p 001ba000 08:01 1194465                    /lib/x86_64-linux-gnu/libc-2.19.so
7fe89a007000-7fe89a00b000 r--p 001ba000 08:01 1194465                    /lib/x86_64-linux-gnu/libc-2.19.so
7fe89a00b000-7fe89a00d000 rw-p 001be000 08:01 1194465                    /lib/x86_64-linux-gnu/libc-2.19.so
7fe89a00d000-7fe89a012000 rw-p 00000000 00:00 0 
7fe89a012000-7fe89a015000 r-xp 00000000 08:01 1194452                    /lib/x86_64-linux-gnu/libdl-2.19.so
7fe89a015000-7fe89a214000 ---p 00003000 08:01 1194452                    /lib/x86_64-linux-gnu/libdl-2.19.so
7fe89a214000-7fe89a215000 r--p 00002000 08:01 1194452                    /lib/x86_64-linux-gnu/libdl-2.19.so
7fe89a215000-7fe89a216000 rw-p 00003000 08:01 1194452                    /lib/x86_64-linux-gnu/libdl-2.19.so
7fe89a216000-7fe89a22b000 r-xp 00000000 08:01 2374377                    /usr/lib/jvm/java-8-oracle/lib/amd64/jli/libjli.so
7fe89a22b000-7fe89a42b000 ---p 00015000 08:01 2374377                    /usr/lib/jvm/java-8-oracle/lib/amd64/jli/libjli.so
7fe89a42b000-7fe89a42c000 rw-p 00015000 08:01 2374377                    /usr/lib/jvm/java-8-oracle/lib/amd64/jli/libjli.so
7fe89a42c000-7fe89a445000 r-xp 00000000 08:01 1194457                    /lib/x86_64-linux-gnu/libpthread-2.19.so
7fe89a445000-7fe89a644000 ---p 00019000 08:01 1194457                    /lib/x86_64-linux-gnu/libpthread-2.19.so
7fe89a644000-7fe89a645000 r--p 00018000 08:01 1194457                    /lib/x86_64-linux-gnu/libpthread-2.19.so
7fe89a645000-7fe89a646000 rw-p 00019000 08:01 1194457                    /lib/x86_64-linux-gnu/libpthread-2.19.so
7fe89a646000-7fe89a64a000 rw-p 00000000 00:00 0 
7fe89a64a000-7fe89a66d000 r-xp 00000000 08:01 1194458                    /lib/x86_64-linux-gnu/ld-2.19.so
7fe89a66d000-7fe89a674000 r--s 00000000 08:01 920801                     /usr/lib/x86_64-linux-gnu/gconv/gconv-modules.cache
7fe89a674000-7fe89a74d000 rw-p 00000000 00:00 0 
7fe89a74d000-7fe89a750000 ---p 00000000 00:00 0 
7fe89a750000-7fe89a852000 rw-p 00000000 00:00 0 
7fe89a855000-7fe89a856000 rw-p 00000000 00:00 0 
7fe89a856000-7fe89a860000 r--s 0008b000 08:01 10234882                   /home/jairo/Documentos/Alergenos/app/build/intermediates/exploded-aar/com.android.support/appcompat-v7/23.3.0/jars/classes.jar
7fe89a860000-7fe89a868000 rw-s 00000000 08:01 10498473                   /tmp/hsperfdata_jairo/6698
7fe89a868000-7fe89a869000 rw-p 00000000 00:00 0 
7fe89a869000-7fe89a86a000 ---p 00000000 00:00 0 
7fe89a86a000-7fe89a86c000 rw-p 00000000 00:00 0 
7fe89a86c000-7fe89a86d000 r--p 00022000 08:01 1194458                    /lib/x86_64-linux-gnu/ld-2.19.so
7fe89a86d000-7fe89a86e000 rw-p 00023000 08:01 1194458                    /lib/x86_64-linux-gnu/ld-2.19.so
7fe89a86e000-7fe89a86f000 rw-p 00000000 00:00 0 
7ffdbbe28000-7ffdbbe49000 rw-p 00000000 00:00 0                          [stack]
7ffdbbff2000-7ffdbbff4000 r--p 00000000 00:00 0                          [vvar]
7ffdbbff4000-7ffdbbff6000 r-xp 00000000 00:00 0                          [vdso]
ffffffffff600000-ffffffffff601000 r-xp 00000000 00:00 0                  [vsyscall]

VM Arguments:
jvm_args: -Djava.awt.headless=true -Xmx1024M -Dfile.encoding=UTF-8 -Duser.country=ES -Duser.language=es -Duser.variant 
java_command: com.android.dx.command.Main --dex --force-jumbo --num-threads=4 --output /home/jairo/Documentos/Alergenos/app/build/intermediates/pre-dexed/debug/com.android.support-appcompat-v7-23.3.0_7bf2d58e7f82c62540da47ec3f5790f4bda6730f.jar /home/jairo/Documentos/Alergenos/app/build/intermediates/exploded-aar/com.android.support/appcompat-v7/23.3.0/jars/classes.jar
java_class_path (initial): /home/jairo/Android/Sdk/build-tools/23.0.3/lib/dx.jar
Launcher Type: SUN_STANDARD

Environment Variables:
PATH=/usr/local/sbin:/usr/local/bin:/usr/sbin:/usr/bin:/sbin:/bin:/usr/games:/usr/local/games
LD_LIBRARY_PATH=/opt/android-studio/bin:
SHELL=/bin/bash
DISPLAY=:0

Signal Handlers:
SIGSEGV: [libjvm.so+0xabca10], sa_mask[0]=11111111011111111101111111111110, sa_flags=SA_RESTART|SA_SIGINFO
SIGBUS: [libjvm.so+0xabca10], sa_mask[0]=11111111011111111101111111111110, sa_flags=SA_RESTART|SA_SIGINFO
SIGFPE: [libjvm.so+0x919a20], sa_mask[0]=11111111011111111101111111111110, sa_flags=SA_RESTART|SA_SIGINFO
SIGPIPE: [libjvm.so+0x919a20], sa_mask[0]=11111111011111111101111111111110, sa_flags=SA_RESTART|SA_SIGINFO
SIGXFSZ: [libjvm.so+0x919a20], sa_mask[0]=11111111011111111101111111111110, sa_flags=SA_RESTART|SA_SIGINFO
SIGILL: [libjvm.so+0x919a20], sa_mask[0]=11111111011111111101111111111110, sa_flags=SA_RESTART|SA_SIGINFO
SIGUSR1: SIG_DFL, sa_mask[0]=00000000000000000000000000000000, sa_flags=none
SIGUSR2: [libjvm.so+0x91b050], sa_mask[0]=00100000000000000000000000000000, sa_flags=SA_RESTART|SA_SIGINFO
SIGHUP: [libjvm.so+0x91c450], sa_mask[0]=11111111011111111101111111111110, sa_flags=SA_RESTART|SA_SIGINFO
SIGINT: [libjvm.so+0x91c450], sa_mask[0]=11111111011111111101111111111110, sa_flags=SA_RESTART|SA_SIGINFO
SIGTERM: [libjvm.so+0x91c450], sa_mask[0]=11111111011111111101111111111110, sa_flags=SA_RESTART|SA_SIGINFO
SIGQUIT: [libjvm.so+0x91c450], sa_mask[0]=11111111011111111101111111111110, sa_flags=SA_RESTART|SA_SIGINFO


---------------  S Y S T E M  ---------------

OS:DISTRIB_ID=Ubuntu
DISTRIB_RELEASE=14.04
DISTRIB_CODENAME=trusty
DISTRIB_DESCRIPTION="Ubuntu 14.04.4 LTS"

uname:Linux 4.2.0-36-generic #42~14.04.1-Ubuntu SMP Fri May 13 17:27:22 UTC 2016 x86_64
libc:glibc 2.19 NPTL 2.19 
rlimit: STACK 8192k, CORE 0k, NPROC 31390, NOFILE 4096, AS infinity
load average:9,11 4,76 2,76

/proc/meminfo:
MemTotal:        8068664 kB
MemFree:           53628 kB
MemAvailable:     134556 kB
Buffers:            2148 kB
Cached:          1387716 kB
SwapCached:            0 kB
Active:          6175916 kB
Inactive:        1193324 kB
Active(anon):    6136320 kB
Inactive(anon):  1160540 kB
Active(file):      39596 kB
Inactive(file):    32784 kB
Unevictable:          36 kB
Mlocked:              36 kB
SwapTotal:             0 kB
SwapFree:              0 kB
Dirty:               332 kB
Writeback:            92 kB
AnonPages:       5980216 kB
Mapped:           920172 kB
Shmem:           1316816 kB
Slab:             101436 kB
SReclaimable:      50836 kB
SUnreclaim:        50600 kB
KernelStack:       15008 kB
PageTables:        64232 kB
NFS_Unstable:          0 kB
Bounce:                0 kB
WritebackTmp:          0 kB
CommitLimit:     4034332 kB
Committed_AS:   14129540 kB
VmallocTotal:   34359738367 kB
VmallocUsed:      362736 kB
VmallocChunk:   34358945788 kB
HardwareCorrupted:     0 kB
AnonHugePages:   2703360 kB
CmaTotal:              0 kB
CmaFree:               0 kB
HugePages_Total:       0
HugePages_Free:        0
HugePages_Rsvd:        0
HugePages_Surp:        0
Hugepagesize:       2048 kB
DirectMap4k:      202192 kB
DirectMap2M:     8081408 kB


CPU:total 4 (2 cores per cpu, 2 threads per core) family 6 model 42 stepping 7, cmov, cx8, fxsr, mmx, sse, sse2, sse3, ssse3, sse4.1, sse4.2, popcnt, avx, clmul, ht, tsc, tscinvbit

/proc/cpuinfo:
processor	: 0
vendor_id	: GenuineIntel
cpu family	: 6
model		: 42
model name	: Intel(R) Core(TM) i3-2120 CPU @ 3.30GHz
stepping	: 7
microcode	: 0x23
cpu MHz		: 3299.871
cache size	: 3072 KB
physical id	: 0
siblings	: 4
core id		: 0
cpu cores	: 2
apicid		: 0
initial apicid	: 0
fpu		: yes
fpu_exception	: yes
cpuid level	: 13
wp		: yes
flags		: fpu vme de pse tsc msr pae mce cx8 apic sep mtrr pge mca cmov pat pse36 clflush dts acpi mmx fxsr sse sse2 ss ht tm pbe syscall nx rdtscp lm constant_tsc arch_perfmon pebs bts rep_good nopl xtopology nonstop_tsc aperfmperf eagerfpu pni pclmulqdq dtes64 monitor ds_cpl vmx est tm2 ssse3 cx16 xtpr pdcm pcid sse4_1 sse4_2 popcnt tsc_deadline_timer xsave avx lahf_lm arat epb pln pts dtherm tpr_shadow vnmi flexpriority ept vpid xsaveopt
bugs		:
bogomips	: 6584.94
clflush size	: 64
cache_alignment	: 64
address sizes	: 36 bits physical, 48 bits virtual
power management:

processor	: 1
vendor_id	: GenuineIntel
cpu family	: 6
model		: 42
model name	: Intel(R) Core(TM) i3-2120 CPU @ 3.30GHz
stepping	: 7
microcode	: 0x23
cpu MHz		: 3299.871
cache size	: 3072 KB
physical id	: 0
siblings	: 4
core id		: 1
cpu cores	: 2
apicid		: 2
initial apicid	: 2
fpu		: yes
fpu_exception	: yes
cpuid level	: 13
wp		: yes
flags		: fpu vme de pse tsc msr pae mce cx8 apic sep mtrr pge mca cmov pat pse36 clflush dts acpi mmx fxsr sse sse2 ss ht tm pbe syscall nx rdtscp lm constant_tsc arch_perfmon pebs bts rep_good nopl xtopology nonstop_tsc aperfmperf eagerfpu pni pclmulqdq dtes64 monitor ds_cpl vmx est tm2 ssse3 cx16 xtpr pdcm pcid sse4_1 sse4_2 popcnt tsc_deadline_timer xsave avx lahf_lm arat epb pln pts dtherm tpr_shadow vnmi flexpriority ept vpid xsaveopt
bugs		:
bogomips	: 6584.94
clflush size	: 64
cache_alignment	: 64
address sizes	: 36 bits physical, 48 bits virtual
power management:

processor	: 2
vendor_id	: GenuineIntel
cpu family	: 6
model		: 42
model name	: Intel(R) Core(TM) i3-2120 CPU @ 3.30GHz
stepping	: 7
microcode	: 0x23
cpu MHz		: 3300.000
cache size	: 3072 KB
physical id	: 0
siblings	: 4
core id		: 0
cpu cores	: 2
apicid		: 1
initial apicid	: 1
fpu		: yes
fpu_exception	: yes
cpuid level	: 13
wp		: yes
flags		: fpu vme de pse tsc msr pae mce cx8 apic sep mtrr pge mca cmov pat pse36 clflush dts acpi mmx fxsr sse sse2 ss ht tm pbe syscall nx rdtscp lm constant_tsc arch_perfmon pebs bts rep_good nopl xtopology nonstop_tsc aperfmperf eagerfpu pni pclmulqdq dtes64 monitor ds_cpl vmx est tm2 ssse3 cx16 xtpr pdcm pcid sse4_1 sse4_2 popcnt tsc_deadline_timer xsave avx lahf_lm arat epb pln pts dtherm tpr_shadow vnmi flexpriority ept vpid xsaveopt
bugs		:
bogomips	: 6584.94
clflush size	: 64
cache_alignment	: 64
address sizes	: 36 bits physical, 48 bits virtual
power management:

processor	: 3
vendor_id	: GenuineIntel
cpu family	: 6
model		: 42
model name	: Intel(R) Core(TM) i3-2120 CPU @ 3.30GHz
stepping	: 7
microcode	: 0x23
cpu MHz		: 3300.000
cache size	: 3072 KB
physical id	: 0
siblings	: 4
core id		: 1
cpu cores	: 2
apicid		: 3
initial apicid	: 3
fpu		: yes
fpu_exception	: yes
cpuid level	: 13
wp		: yes
flags		: fpu vme de pse tsc msr pae mce cx8 apic sep mtrr pge mca cmov pat pse36 clflush dts acpi mmx fxsr sse sse2 ss ht tm pbe syscall nx rdtscp lm constant_tsc arch_perfmon pebs bts rep_good nopl xtopology nonstop_tsc aperfmperf eagerfpu pni pclmulqdq dtes64 monitor ds_cpl vmx est tm2 ssse3 cx16 xtpr pdcm pcid sse4_1 sse4_2 popcnt tsc_deadline_timer xsave avx lahf_lm arat epb pln pts dtherm tpr_shadow vnmi flexpriority ept vpid xsaveopt
bugs		:
bogomips	: 6584.94
clflush size	: 64
cache_alignment	: 64
address sizes	: 36 bits physical, 48 bits virtual
power management:



Memory: 4k page, physical 8068664k(53628k free), swap 0k(0k free)

vm_info: Java HotSpot(TM) 64-Bit Server VM (25.91-b14) for linux-amd64 JRE (1.8.0_91-b14), built on Apr  1 2016 00:57:21 by "java_re" with gcc 4.3.0 20080428 (Red Hat 4.3.0-8)

time: Tue Jun 14 17:41:43 2016
elapsed time: 10 seconds (0d 0h 0m 10s)

